2024-09-09 21:38:44 ERROR App:123 - Arquivo application.properties não encontrado
2024-09-09 21:39:48 ERROR App:123 - Arquivo application.properties não encontrado
2024-09-09 21:46:46 INFO  App:45 - Iniciando aplicação na porta 8000
2024-09-09 21:46:47 INFO  Javalin:16 - Starting Javalin ...
2024-09-09 21:46:47 INFO  Server:384 - jetty-11.0.21; built: 2024-05-14T03:19:28.958Z; git: 996cd61addad9cb033e0e3eba6fa3f0fa3dc270d; jvm 22.0.1+8-16
2024-09-09 21:46:47 INFO  DefaultSessionIdManager:332 - Session workerName=node0
2024-09-09 21:46:47 INFO  ContextHandler:907 - Started o.e.j.s.ServletContextHandler@f79a760{/,null,AVAILABLE}
2024-09-09 21:46:47 INFO  AbstractConnector:376 - Started ServerConnector@74960bfa{HTTP/1.1, (http/1.1)}{0.0.0.0:8000}
2024-09-09 21:46:47 INFO  Server:439 - Started Server@2ceb80a1{STARTING}[11.0.21,sto=0] @2236ms
2024-09-09 21:46:47 INFO  Javalin:16 - 
       __                  ___           _____
      / /___ __   ______ _/ (_)___      / ___/
 __  / / __ `/ | / / __ `/ / / __ \    / __ \
/ /_/ / /_/ /| |/ / /_/ / / / / / /   / /_/ /
\____/\__,_/ |___/\__,_/_/_/_/ /_/    \____/

       https://javalin.io/documentation

2024-09-09 21:46:47 INFO  Javalin:16 - Javalin started in 427ms \o/
2024-09-09 21:46:47 ERROR App:144 - Erro ao iniciar a aplicação 
io.javalin.util.JavalinException: Static resource directory with path: '/public' does not exist. Depending on your setup, empty folders might not get copied to classpath.
	at io.javalin.jetty.ConfigurableHandler.getResourceBase(JettyResourceHandler.kt:125) ~[javalin-6.2.0.jar:6.2.0]
	at io.javalin.jetty.ConfigurableHandler.<init>(JettyResourceHandler.kt:93) ~[javalin-6.2.0.jar:6.2.0]
	at io.javalin.jetty.JettyResourceHandler.init(JettyResourceHandler.kt:35) ~[javalin-6.2.0.jar:6.2.0]
	at io.javalin.jetty.JettyServer.start(JettyServer.kt:119) ~[javalin-6.2.0.jar:6.2.0]
	at io.javalin.Javalin.start(Javalin.java:123) ~[javalin-6.2.0.jar:6.2.0]
	at com.backend.App.iniciarJavalin(App.java:47) ~[classes/:?]
	at com.backend.App.iniciar(App.java:30) ~[classes/:?]
	at com.backend.App.main(App.java:142) [classes/:?]
2024-09-09 21:47:14 INFO  App:45 - Iniciando aplicação na porta 8000
2024-09-09 21:47:15 INFO  Javalin:16 - Starting Javalin ...
2024-09-09 21:47:15 INFO  Server:384 - jetty-11.0.21; built: 2024-05-14T03:19:28.958Z; git: 996cd61addad9cb033e0e3eba6fa3f0fa3dc270d; jvm 22.0.1+8-16
2024-09-09 21:47:15 INFO  DefaultSessionIdManager:332 - Session workerName=node0
2024-09-09 21:47:15 INFO  ContextHandler:907 - Started o.e.j.s.ServletContextHandler@f79a760{/,null,AVAILABLE}
2024-09-09 21:47:15 INFO  AbstractConnector:376 - Started ServerConnector@74960bfa{HTTP/1.1, (http/1.1)}{0.0.0.0:8000}
2024-09-09 21:47:15 INFO  Server:439 - Started Server@2ceb80a1{STARTING}[11.0.21,sto=0] @2315ms
2024-09-09 21:47:15 INFO  Javalin:16 - 
       __                  ___           _____
      / /___ __   ______ _/ (_)___      / ___/
 __  / / __ `/ | / / __ `/ / / __ \    / __ \
/ /_/ / /_/ /| |/ / /_/ / / / / / /   / /_/ /
\____/\__,_/ |___/\__,_/_/_/_/ /_/    \____/

       https://javalin.io/documentation

2024-09-09 21:47:15 INFO  Javalin:16 - Javalin started in 475ms \o/
2024-09-09 21:47:15 INFO  Javalin:21 - Static file handler added: StaticFileConfig(hostedPath=/, directory=/public, location=CLASSPATH, precompress=false, aliasCheck=null, headers={Cache-Control=max-age=0}, skipFileFunction=Function1<jakarta.servlet.http.HttpServletRequest, java.lang.Boolean>, mimeTypes={}). File system location: 'file:///C:/Users/willi/Desktop/Projetos/Integra%C3%A7%C3%A3o%20Java+React/BackEnd/target/classes/public/'
2024-09-09 21:47:15 INFO  Javalin:16 - Listening on http://localhost:8000/
2024-09-09 21:47:15 INFO  Javalin:16 - You are running Javalin 6.2.0 (released July 21, 2024).
2024-09-09 21:47:15 INFO  App:76 - Recuperando String de acesso ao mongo
2024-09-09 21:47:15 INFO  App:81 - Conectando ao mongo
2024-09-09 21:47:18 INFO  client:71 - MongoClient with metadata {"application": {"name": "Cluster0"}, "driver": {"name": "mongo-java-driver|sync", "version": "5.1.1"}, "os": {"type": "Windows", "name": "Windows 11", "architecture": "amd64", "version": "10.0"}, "platform": "Java/Oracle Corporation/22.0.1+8-16"} created with settings MongoClientSettings{readPreference=primary, writeConcern=WriteConcern{w=majority, wTimeout=null ms, journal=null}, retryWrites=true, retryReads=true, readConcern=ReadConcern{level=null}, credential=MongoCredential{mechanism=null, userName='petersonsilva', source='admin', password=<hidden>, mechanismProperties=<hidden>}, transportSettings=null, commandListeners=[], codecRegistry=ProvidersCodecRegistry{codecProviders=[ValueCodecProvider{}, BsonValueCodecProvider{}, DBRefCodecProvider{}, DBObjectCodecProvider{}, DocumentCodecProvider{}, CollectionCodecProvider{}, IterableCodecProvider{}, MapCodecProvider{}, GeoJsonCodecProvider{}, GridFSFileCodecProvider{}, Jsr310CodecProvider{}, JsonObjectCodecProvider{}, BsonCodecProvider{}, EnumCodecProvider{}, com.mongodb.client.model.mql.ExpressionCodecProvider@1e7f2e0f, com.mongodb.Jep395RecordCodecProvider@1da6ee17, com.mongodb.KotlinCodecProvider@78d39a69]}, loggerSettings=LoggerSettings{maxDocumentLength=1000}, clusterSettings={hosts=[127.0.0.1:27017], srvHost=cluster0.bxaqvcn.mongodb.net, srvServiceName=mongodb, mode=MULTIPLE, requiredClusterType=REPLICA_SET, requiredReplicaSetName='atlas-jf9w0x-shard-0', serverSelector='null', clusterListeners='[]', serverSelectionTimeout='30000 ms', localThreshold='15 ms'}, socketSettings=SocketSettings{connectTimeoutMS=10000, readTimeoutMS=0, receiveBufferSize=0, proxySettings=ProxySettings{host=null, port=null, username=null, password=null}}, heartbeatSocketSettings=SocketSettings{connectTimeoutMS=10000, readTimeoutMS=10000, receiveBufferSize=0, proxySettings=ProxySettings{host=null, port=null, username=null, password=null}}, connectionPoolSettings=ConnectionPoolSettings{maxSize=100, minSize=0, maxWaitTimeMS=120000, maxConnectionLifeTimeMS=0, maxConnectionIdleTimeMS=0, maintenanceInitialDelayMS=0, maintenanceFrequencyMS=60000, connectionPoolListeners=[], maxConnecting=2}, serverSettings=ServerSettings{heartbeatFrequencyMS=10000, minHeartbeatFrequencyMS=500, serverMonitoringMode=AUTO, serverListeners='[]', serverMonitorListeners='[]'}, sslSettings=SslSettings{enabled=true, invalidHostNameAllowed=false, context=null}, applicationName='Cluster0', compressorList=[], uuidRepresentation=UNSPECIFIED, serverApi=null, autoEncryptionSettings=null, dnsClient=null, inetAddressResolver=null, contextProvider=null}
2024-09-09 21:47:18 INFO  cluster:71 - Waiting for server to become available for operation with ID 1. Remaining time: 30000 ms. Selector: ReadPreferenceServerSelector{readPreference=primary}, topology description: {type=UNKNOWN, servers=[].
2024-09-09 21:47:20 INFO  cluster:71 - Adding discovered server ac-g1io69i-shard-00-00.bxaqvcn.mongodb.net:27017 to client view of cluster
2024-09-09 21:47:20 INFO  cluster:71 - Adding discovered server ac-g1io69i-shard-00-01.bxaqvcn.mongodb.net:27017 to client view of cluster
2024-09-09 21:47:20 INFO  cluster:71 - Adding discovered server ac-g1io69i-shard-00-02.bxaqvcn.mongodb.net:27017 to client view of cluster
2024-09-09 21:47:23 INFO  cluster:71 - Monitor thread successfully connected to server with description ServerDescription{address=ac-g1io69i-shard-00-00.bxaqvcn.mongodb.net:27017, type=REPLICA_SET_SECONDARY, state=CONNECTED, ok=true, minWireVersion=0, maxWireVersion=21, maxDocumentSize=16777216, logicalSessionTimeoutMinutes=30, roundTripTimeNanos=1529095600, setName='atlas-jf9w0x-shard-0', canonicalAddress=ac-g1io69i-shard-00-00.bxaqvcn.mongodb.net:27017, hosts=[ac-g1io69i-shard-00-01.bxaqvcn.mongodb.net:27017, ac-g1io69i-shard-00-00.bxaqvcn.mongodb.net:27017, ac-g1io69i-shard-00-02.bxaqvcn.mongodb.net:27017], passives=[], arbiters=[], primary='ac-g1io69i-shard-00-02.bxaqvcn.mongodb.net:27017', tagSet=TagSet{[Tag{name='availabilityZone', value='sae1-az1'}, Tag{name='diskState', value='READY'}, Tag{name='nodeType', value='ELECTABLE'}, Tag{name='provider', value='AWS'}, Tag{name='region', value='SA_EAST_1'}, Tag{name='workloadType', value='OPERATIONAL'}]}, electionId=null, setVersion=7, topologyVersion=TopologyVersion{processId=66c8a6225c365cadb61418d5, counter=4}, lastWriteDate=Mon Sep 09 21:47:22 BRT 2024, lastUpdateTimeNanos=910819633569500}
2024-09-09 21:47:23 INFO  cluster:71 - Monitor thread successfully connected to server with description ServerDescription{address=ac-g1io69i-shard-00-01.bxaqvcn.mongodb.net:27017, type=REPLICA_SET_SECONDARY, state=CONNECTED, ok=true, minWireVersion=0, maxWireVersion=21, maxDocumentSize=16777216, logicalSessionTimeoutMinutes=30, roundTripTimeNanos=1528734500, setName='atlas-jf9w0x-shard-0', canonicalAddress=ac-g1io69i-shard-00-01.bxaqvcn.mongodb.net:27017, hosts=[ac-g1io69i-shard-00-01.bxaqvcn.mongodb.net:27017, ac-g1io69i-shard-00-00.bxaqvcn.mongodb.net:27017, ac-g1io69i-shard-00-02.bxaqvcn.mongodb.net:27017], passives=[], arbiters=[], primary='ac-g1io69i-shard-00-02.bxaqvcn.mongodb.net:27017', tagSet=TagSet{[Tag{name='availabilityZone', value='sae1-az3'}, Tag{name='diskState', value='READY'}, Tag{name='nodeType', value='ELECTABLE'}, Tag{name='provider', value='AWS'}, Tag{name='region', value='SA_EAST_1'}, Tag{name='workloadType', value='OPERATIONAL'}]}, electionId=null, setVersion=7, topologyVersion=TopologyVersion{processId=66c8aac1051574387f40c7c0, counter=3}, lastWriteDate=Mon Sep 09 21:47:22 BRT 2024, lastUpdateTimeNanos=910819633166500}
2024-09-09 21:47:23 INFO  cluster:71 - Monitor thread successfully connected to server with description ServerDescription{address=ac-g1io69i-shard-00-02.bxaqvcn.mongodb.net:27017, type=REPLICA_SET_PRIMARY, state=CONNECTED, ok=true, minWireVersion=0, maxWireVersion=21, maxDocumentSize=16777216, logicalSessionTimeoutMinutes=30, roundTripTimeNanos=1529143100, setName='atlas-jf9w0x-shard-0', canonicalAddress=ac-g1io69i-shard-00-02.bxaqvcn.mongodb.net:27017, hosts=[ac-g1io69i-shard-00-01.bxaqvcn.mongodb.net:27017, ac-g1io69i-shard-00-00.bxaqvcn.mongodb.net:27017, ac-g1io69i-shard-00-02.bxaqvcn.mongodb.net:27017], passives=[], arbiters=[], primary='ac-g1io69i-shard-00-02.bxaqvcn.mongodb.net:27017', tagSet=TagSet{[Tag{name='availabilityZone', value='sae1-az2'}, Tag{name='diskState', value='READY'}, Tag{name='nodeType', value='ELECTABLE'}, Tag{name='provider', value='AWS'}, Tag{name='region', value='SA_EAST_1'}, Tag{name='workloadType', value='OPERATIONAL'}]}, electionId=7fffffff0000000000000015, setVersion=7, topologyVersion=TopologyVersion{processId=66c8a87c24676ba565c0dd3e, counter=6}, lastWriteDate=Mon Sep 09 21:47:22 BRT 2024, lastUpdateTimeNanos=910819632661900}
2024-09-09 21:47:23 INFO  cluster:71 - Discovered replica set primary ac-g1io69i-shard-00-02.bxaqvcn.mongodb.net:27017 with max election id 7fffffff0000000000000015 and max set version 7
2024-09-09 21:47:24 INFO  App:84 - Conexão realizada com sucesso
2024-09-09 22:37:02 INFO  cluster:76 - Exception in monitor thread while connecting to server ac-g1io69i-shard-00-02.bxaqvcn.mongodb.net:27017
com.mongodb.MongoSocketReadException: Exception receiving message
	at com.mongodb.internal.connection.InternalStreamConnection.translateReadException(InternalStreamConnection.java:789) ~[mongodb-driver-core-5.1.1.jar:?]
	at com.mongodb.internal.connection.InternalStreamConnection.receiveMessageWithAdditionalTimeout(InternalStreamConnection.java:664) ~[mongodb-driver-core-5.1.1.jar:?]
	at com.mongodb.internal.connection.InternalStreamConnection.receiveCommandMessageResponse(InternalStreamConnection.java:512) ~[mongodb-driver-core-5.1.1.jar:?]
	at com.mongodb.internal.connection.InternalStreamConnection.receive(InternalStreamConnection.java:465) ~[mongodb-driver-core-5.1.1.jar:?]
	at com.mongodb.internal.connection.DefaultServerMonitor$ServerMonitor.lookupServerDescription(DefaultServerMonitor.java:246) [mongodb-driver-core-5.1.1.jar:?]
	at com.mongodb.internal.connection.DefaultServerMonitor$ServerMonitor.run(DefaultServerMonitor.java:173) [mongodb-driver-core-5.1.1.jar:?]
Caused by: java.net.SocketException: Connection reset
	at java.base/sun.nio.ch.NioSocketImpl.implRead(NioSocketImpl.java:318) ~[?:?]
	at java.base/sun.nio.ch.NioSocketImpl.read(NioSocketImpl.java:346) ~[?:?]
	at java.base/sun.nio.ch.NioSocketImpl$1.read(NioSocketImpl.java:796) ~[?:?]
	at java.base/java.net.Socket$SocketInputStream.implRead(Socket.java:1108) ~[?:?]
	at java.base/java.net.Socket$SocketInputStream.read(Socket.java:1095) ~[?:?]
	at java.base/sun.security.ssl.SSLSocketInputRecord.read(SSLSocketInputRecord.java:489) ~[?:?]
	at java.base/sun.security.ssl.SSLSocketInputRecord.readHeader(SSLSocketInputRecord.java:483) ~[?:?]
	at java.base/sun.security.ssl.SSLSocketInputRecord.bytesInCompletePacket(SSLSocketInputRecord.java:70) ~[?:?]
	at java.base/sun.security.ssl.SSLSocketImpl.readApplicationRecord(SSLSocketImpl.java:1462) ~[?:?]
	at java.base/sun.security.ssl.SSLSocketImpl$AppInputStream.read(SSLSocketImpl.java:1068) ~[?:?]
	at com.mongodb.internal.connection.SocketStream.read(SocketStream.java:176) ~[mongodb-driver-core-5.1.1.jar:?]
	at com.mongodb.internal.connection.SocketStream.read(SocketStream.java:196) ~[mongodb-driver-core-5.1.1.jar:?]
	at com.mongodb.internal.connection.InternalStreamConnection.receiveResponseBuffers(InternalStreamConnection.java:798) ~[mongodb-driver-core-5.1.1.jar:?]
	at com.mongodb.internal.connection.InternalStreamConnection.receiveMessageWithAdditionalTimeout(InternalStreamConnection.java:661) ~[mongodb-driver-core-5.1.1.jar:?]
	... 4 more
2024-09-09 22:37:02 INFO  cluster:76 - Exception in monitor thread while connecting to server ac-g1io69i-shard-00-00.bxaqvcn.mongodb.net:27017
com.mongodb.MongoSocketReadException: Exception receiving message
	at com.mongodb.internal.connection.InternalStreamConnection.translateReadException(InternalStreamConnection.java:789) ~[mongodb-driver-core-5.1.1.jar:?]
	at com.mongodb.internal.connection.InternalStreamConnection.receiveMessageWithAdditionalTimeout(InternalStreamConnection.java:664) ~[mongodb-driver-core-5.1.1.jar:?]
	at com.mongodb.internal.connection.InternalStreamConnection.receiveCommandMessageResponse(InternalStreamConnection.java:512) ~[mongodb-driver-core-5.1.1.jar:?]
	at com.mongodb.internal.connection.InternalStreamConnection.receive(InternalStreamConnection.java:465) ~[mongodb-driver-core-5.1.1.jar:?]
	at com.mongodb.internal.connection.DefaultServerMonitor$ServerMonitor.lookupServerDescription(DefaultServerMonitor.java:246) [mongodb-driver-core-5.1.1.jar:?]
	at com.mongodb.internal.connection.DefaultServerMonitor$ServerMonitor.run(DefaultServerMonitor.java:173) [mongodb-driver-core-5.1.1.jar:?]
Caused by: java.net.SocketException: Connection reset
	at java.base/sun.nio.ch.NioSocketImpl.implRead(NioSocketImpl.java:318) ~[?:?]
	at java.base/sun.nio.ch.NioSocketImpl.read(NioSocketImpl.java:346) ~[?:?]
	at java.base/sun.nio.ch.NioSocketImpl$1.read(NioSocketImpl.java:796) ~[?:?]
	at java.base/java.net.Socket$SocketInputStream.implRead(Socket.java:1108) ~[?:?]
	at java.base/java.net.Socket$SocketInputStream.read(Socket.java:1095) ~[?:?]
	at java.base/sun.security.ssl.SSLSocketInputRecord.read(SSLSocketInputRecord.java:489) ~[?:?]
	at java.base/sun.security.ssl.SSLSocketInputRecord.readHeader(SSLSocketInputRecord.java:483) ~[?:?]
	at java.base/sun.security.ssl.SSLSocketInputRecord.bytesInCompletePacket(SSLSocketInputRecord.java:70) ~[?:?]
	at java.base/sun.security.ssl.SSLSocketImpl.readApplicationRecord(SSLSocketImpl.java:1462) ~[?:?]
	at java.base/sun.security.ssl.SSLSocketImpl$AppInputStream.read(SSLSocketImpl.java:1068) ~[?:?]
	at com.mongodb.internal.connection.SocketStream.read(SocketStream.java:176) ~[mongodb-driver-core-5.1.1.jar:?]
	at com.mongodb.internal.connection.SocketStream.read(SocketStream.java:196) ~[mongodb-driver-core-5.1.1.jar:?]
	at com.mongodb.internal.connection.InternalStreamConnection.receiveResponseBuffers(InternalStreamConnection.java:798) ~[mongodb-driver-core-5.1.1.jar:?]
	at com.mongodb.internal.connection.InternalStreamConnection.receiveMessageWithAdditionalTimeout(InternalStreamConnection.java:661) ~[mongodb-driver-core-5.1.1.jar:?]
	... 4 more
2024-09-09 22:37:02 INFO  cluster:76 - Exception in monitor thread while connecting to server ac-g1io69i-shard-00-01.bxaqvcn.mongodb.net:27017
com.mongodb.MongoSocketReadException: Exception receiving message
	at com.mongodb.internal.connection.InternalStreamConnection.translateReadException(InternalStreamConnection.java:789) ~[mongodb-driver-core-5.1.1.jar:?]
	at com.mongodb.internal.connection.InternalStreamConnection.receiveMessageWithAdditionalTimeout(InternalStreamConnection.java:664) ~[mongodb-driver-core-5.1.1.jar:?]
	at com.mongodb.internal.connection.InternalStreamConnection.receiveCommandMessageResponse(InternalStreamConnection.java:512) ~[mongodb-driver-core-5.1.1.jar:?]
	at com.mongodb.internal.connection.InternalStreamConnection.receive(InternalStreamConnection.java:465) ~[mongodb-driver-core-5.1.1.jar:?]
	at com.mongodb.internal.connection.DefaultServerMonitor$ServerMonitor.lookupServerDescription(DefaultServerMonitor.java:246) [mongodb-driver-core-5.1.1.jar:?]
	at com.mongodb.internal.connection.DefaultServerMonitor$ServerMonitor.run(DefaultServerMonitor.java:173) [mongodb-driver-core-5.1.1.jar:?]
Caused by: java.net.SocketException: Connection reset
	at java.base/sun.nio.ch.NioSocketImpl.implRead(NioSocketImpl.java:318) ~[?:?]
	at java.base/sun.nio.ch.NioSocketImpl.read(NioSocketImpl.java:346) ~[?:?]
	at java.base/sun.nio.ch.NioSocketImpl$1.read(NioSocketImpl.java:796) ~[?:?]
	at java.base/java.net.Socket$SocketInputStream.implRead(Socket.java:1108) ~[?:?]
	at java.base/java.net.Socket$SocketInputStream.read(Socket.java:1095) ~[?:?]
	at java.base/sun.security.ssl.SSLSocketInputRecord.read(SSLSocketInputRecord.java:489) ~[?:?]
	at java.base/sun.security.ssl.SSLSocketInputRecord.readHeader(SSLSocketInputRecord.java:483) ~[?:?]
	at java.base/sun.security.ssl.SSLSocketInputRecord.bytesInCompletePacket(SSLSocketInputRecord.java:70) ~[?:?]
	at java.base/sun.security.ssl.SSLSocketImpl.readApplicationRecord(SSLSocketImpl.java:1462) ~[?:?]
	at java.base/sun.security.ssl.SSLSocketImpl$AppInputStream.read(SSLSocketImpl.java:1068) ~[?:?]
	at com.mongodb.internal.connection.SocketStream.read(SocketStream.java:176) ~[mongodb-driver-core-5.1.1.jar:?]
	at com.mongodb.internal.connection.SocketStream.read(SocketStream.java:196) ~[mongodb-driver-core-5.1.1.jar:?]
	at com.mongodb.internal.connection.InternalStreamConnection.receiveResponseBuffers(InternalStreamConnection.java:798) ~[mongodb-driver-core-5.1.1.jar:?]
	at com.mongodb.internal.connection.InternalStreamConnection.receiveMessageWithAdditionalTimeout(InternalStreamConnection.java:661) ~[mongodb-driver-core-5.1.1.jar:?]
	... 4 more
2024-09-09 22:37:03 INFO  cluster:71 - Monitor thread successfully connected to server with description ServerDescription{address=ac-g1io69i-shard-00-00.bxaqvcn.mongodb.net:27017, type=REPLICA_SET_SECONDARY, state=CONNECTED, ok=true, minWireVersion=0, maxWireVersion=21, maxDocumentSize=16777216, logicalSessionTimeoutMinutes=30, roundTripTimeNanos=213688000, setName='atlas-jf9w0x-shard-0', canonicalAddress=ac-g1io69i-shard-00-00.bxaqvcn.mongodb.net:27017, hosts=[ac-g1io69i-shard-00-01.bxaqvcn.mongodb.net:27017, ac-g1io69i-shard-00-00.bxaqvcn.mongodb.net:27017, ac-g1io69i-shard-00-02.bxaqvcn.mongodb.net:27017], passives=[], arbiters=[], primary='ac-g1io69i-shard-00-02.bxaqvcn.mongodb.net:27017', tagSet=TagSet{[Tag{name='availabilityZone', value='sae1-az1'}, Tag{name='diskState', value='READY'}, Tag{name='nodeType', value='ELECTABLE'}, Tag{name='provider', value='AWS'}, Tag{name='region', value='SA_EAST_1'}, Tag{name='workloadType', value='OPERATIONAL'}]}, electionId=null, setVersion=7, topologyVersion=TopologyVersion{processId=66c8a6225c365cadb61418d5, counter=4}, lastWriteDate=Mon Sep 09 22:37:03 BRT 2024, lastUpdateTimeNanos=913799817214100}
2024-09-09 22:37:03 INFO  cluster:71 - Monitor thread successfully connected to server with description ServerDescription{address=ac-g1io69i-shard-00-01.bxaqvcn.mongodb.net:27017, type=REPLICA_SET_SECONDARY, state=CONNECTED, ok=true, minWireVersion=0, maxWireVersion=21, maxDocumentSize=16777216, logicalSessionTimeoutMinutes=30, roundTripTimeNanos=216743500, setName='atlas-jf9w0x-shard-0', canonicalAddress=ac-g1io69i-shard-00-01.bxaqvcn.mongodb.net:27017, hosts=[ac-g1io69i-shard-00-01.bxaqvcn.mongodb.net:27017, ac-g1io69i-shard-00-00.bxaqvcn.mongodb.net:27017, ac-g1io69i-shard-00-02.bxaqvcn.mongodb.net:27017], passives=[], arbiters=[], primary='ac-g1io69i-shard-00-02.bxaqvcn.mongodb.net:27017', tagSet=TagSet{[Tag{name='availabilityZone', value='sae1-az3'}, Tag{name='diskState', value='READY'}, Tag{name='nodeType', value='ELECTABLE'}, Tag{name='provider', value='AWS'}, Tag{name='region', value='SA_EAST_1'}, Tag{name='workloadType', value='OPERATIONAL'}]}, electionId=null, setVersion=7, topologyVersion=TopologyVersion{processId=66c8aac1051574387f40c7c0, counter=3}, lastWriteDate=Mon Sep 09 22:37:03 BRT 2024, lastUpdateTimeNanos=913799819770700}
2024-09-09 22:37:03 INFO  cluster:71 - Monitor thread successfully connected to server with description ServerDescription{address=ac-g1io69i-shard-00-02.bxaqvcn.mongodb.net:27017, type=REPLICA_SET_PRIMARY, state=CONNECTED, ok=true, minWireVersion=0, maxWireVersion=21, maxDocumentSize=16777216, logicalSessionTimeoutMinutes=30, roundTripTimeNanos=218853400, setName='atlas-jf9w0x-shard-0', canonicalAddress=ac-g1io69i-shard-00-02.bxaqvcn.mongodb.net:27017, hosts=[ac-g1io69i-shard-00-01.bxaqvcn.mongodb.net:27017, ac-g1io69i-shard-00-00.bxaqvcn.mongodb.net:27017, ac-g1io69i-shard-00-02.bxaqvcn.mongodb.net:27017], passives=[], arbiters=[], primary='ac-g1io69i-shard-00-02.bxaqvcn.mongodb.net:27017', tagSet=TagSet{[Tag{name='availabilityZone', value='sae1-az2'}, Tag{name='diskState', value='READY'}, Tag{name='nodeType', value='ELECTABLE'}, Tag{name='provider', value='AWS'}, Tag{name='region', value='SA_EAST_1'}, Tag{name='workloadType', value='OPERATIONAL'}]}, electionId=7fffffff0000000000000015, setVersion=7, topologyVersion=TopologyVersion{processId=66c8a87c24676ba565c0dd3e, counter=6}, lastWriteDate=Mon Sep 09 22:37:03 BRT 2024, lastUpdateTimeNanos=913799821972000}
2024-09-09 22:37:03 INFO  cluster:71 - Discovered replica set primary ac-g1io69i-shard-00-02.bxaqvcn.mongodb.net:27017 with max election id 7fffffff0000000000000015 and max set version 7
2024-09-09 23:22:40 INFO  App:45 - Iniciando aplicação na porta 8000
2024-09-09 23:22:40 INFO  Javalin:16 - Starting Javalin ...
2024-09-09 23:22:40 INFO  Server:384 - jetty-11.0.21; built: 2024-05-14T03:19:28.958Z; git: 996cd61addad9cb033e0e3eba6fa3f0fa3dc270d; jvm 22.0.1+8-16
2024-09-09 23:22:40 INFO  DefaultSessionIdManager:332 - Session workerName=node0
2024-09-09 23:22:40 INFO  ContextHandler:907 - Started o.e.j.s.ServletContextHandler@2e13bc25{/,null,AVAILABLE}
2024-09-09 23:22:40 INFO  AbstractConnector:376 - Started ServerConnector@4f106348{HTTP/1.1, (http/1.1)}{0.0.0.0:8000}
2024-09-09 23:22:40 INFO  Server:439 - Started Server@4b46b194{STARTING}[11.0.21,sto=0] @6328ms
2024-09-09 23:22:40 INFO  Javalin:16 - 
       __                  ___           _____
      / /___ __   ______ _/ (_)___      / ___/
 __  / / __ `/ | / / __ `/ / / __ \    / __ \
/ /_/ / /_/ /| |/ / /_/ / / / / / /   / /_/ /
\____/\__,_/ |___/\__,_/_/_/_/ /_/    \____/

       https://javalin.io/documentation

2024-09-09 23:22:40 INFO  Javalin:16 - Javalin started in 148ms \o/
2024-09-09 23:22:40 INFO  Javalin:21 - Static file handler added: StaticFileConfig(hostedPath=/, directory=/public, location=CLASSPATH, precompress=false, aliasCheck=null, headers={Cache-Control=max-age=0}, skipFileFunction=Function1<jakarta.servlet.http.HttpServletRequest, java.lang.Boolean>, mimeTypes={}). File system location: 'file:///C:/Users/willi/Desktop/Projetos/Integra%C3%A7%C3%A3o%20Java+React/BackEnd/target/classes/public/'
2024-09-09 23:22:40 INFO  Javalin:16 - Listening on http://localhost:8000/
2024-09-09 23:22:40 INFO  Javalin:16 - You are running Javalin 6.2.0 (released July 21, 2024).
2024-09-09 23:22:40 INFO  App:76 - Recuperando String de acesso ao mongo
2024-09-09 23:22:40 INFO  App:81 - Conectando ao mongo
2024-09-09 23:22:41 INFO  client:71 - MongoClient with metadata {"application": {"name": "Cluster0"}, "driver": {"name": "mongo-java-driver|sync", "version": "5.1.1"}, "os": {"type": "Windows", "name": "Windows 11", "architecture": "amd64", "version": "10.0"}, "platform": "Java/Oracle Corporation/22.0.1+8-16"} created with settings MongoClientSettings{readPreference=primary, writeConcern=WriteConcern{w=majority, wTimeout=null ms, journal=null}, retryWrites=true, retryReads=true, readConcern=ReadConcern{level=null}, credential=MongoCredential{mechanism=null, userName='petersonsilva', source='admin', password=<hidden>, mechanismProperties=<hidden>}, transportSettings=null, commandListeners=[], codecRegistry=ProvidersCodecRegistry{codecProviders=[ValueCodecProvider{}, BsonValueCodecProvider{}, DBRefCodecProvider{}, DBObjectCodecProvider{}, DocumentCodecProvider{}, CollectionCodecProvider{}, IterableCodecProvider{}, MapCodecProvider{}, GeoJsonCodecProvider{}, GridFSFileCodecProvider{}, Jsr310CodecProvider{}, JsonObjectCodecProvider{}, BsonCodecProvider{}, EnumCodecProvider{}, com.mongodb.client.model.mql.ExpressionCodecProvider@6ed48edf, com.mongodb.Jep395RecordCodecProvider@15739b5b, com.mongodb.KotlinCodecProvider@7931ce31]}, loggerSettings=LoggerSettings{maxDocumentLength=1000}, clusterSettings={hosts=[127.0.0.1:27017], srvHost=cluster0.bxaqvcn.mongodb.net, srvServiceName=mongodb, mode=MULTIPLE, requiredClusterType=REPLICA_SET, requiredReplicaSetName='atlas-jf9w0x-shard-0', serverSelector='null', clusterListeners='[]', serverSelectionTimeout='30000 ms', localThreshold='15 ms'}, socketSettings=SocketSettings{connectTimeoutMS=10000, readTimeoutMS=0, receiveBufferSize=0, proxySettings=ProxySettings{host=null, port=null, username=null, password=null}}, heartbeatSocketSettings=SocketSettings{connectTimeoutMS=10000, readTimeoutMS=10000, receiveBufferSize=0, proxySettings=ProxySettings{host=null, port=null, username=null, password=null}}, connectionPoolSettings=ConnectionPoolSettings{maxSize=100, minSize=0, maxWaitTimeMS=120000, maxConnectionLifeTimeMS=0, maxConnectionIdleTimeMS=0, maintenanceInitialDelayMS=0, maintenanceFrequencyMS=60000, connectionPoolListeners=[], maxConnecting=2}, serverSettings=ServerSettings{heartbeatFrequencyMS=10000, minHeartbeatFrequencyMS=500, serverMonitoringMode=AUTO, serverListeners='[]', serverMonitorListeners='[]'}, sslSettings=SslSettings{enabled=true, invalidHostNameAllowed=false, context=null}, applicationName='Cluster0', compressorList=[], uuidRepresentation=UNSPECIFIED, serverApi=null, autoEncryptionSettings=null, dnsClient=null, inetAddressResolver=null, contextProvider=null}
2024-09-09 23:22:41 INFO  cluster:71 - Adding discovered server ac-g1io69i-shard-00-00.bxaqvcn.mongodb.net:27017 to client view of cluster
2024-09-09 23:22:41 INFO  cluster:71 - Adding discovered server ac-g1io69i-shard-00-01.bxaqvcn.mongodb.net:27017 to client view of cluster
2024-09-09 23:22:41 INFO  cluster:71 - Adding discovered server ac-g1io69i-shard-00-02.bxaqvcn.mongodb.net:27017 to client view of cluster
2024-09-09 23:22:41 INFO  cluster:71 - Waiting for server to become available for operation with ID 1. Remaining time: 30000 ms. Selector: ReadPreferenceServerSelector{readPreference=primary}, topology description: {type=UNKNOWN, servers=[].
2024-09-09 23:22:41 INFO  cluster:71 - Monitor thread successfully connected to server with description ServerDescription{address=ac-g1io69i-shard-00-00.bxaqvcn.mongodb.net:27017, type=REPLICA_SET_SECONDARY, state=CONNECTED, ok=true, minWireVersion=0, maxWireVersion=21, maxDocumentSize=16777216, logicalSessionTimeoutMinutes=30, roundTripTimeNanos=215350200, setName='atlas-jf9w0x-shard-0', canonicalAddress=ac-g1io69i-shard-00-00.bxaqvcn.mongodb.net:27017, hosts=[ac-g1io69i-shard-00-01.bxaqvcn.mongodb.net:27017, ac-g1io69i-shard-00-00.bxaqvcn.mongodb.net:27017, ac-g1io69i-shard-00-02.bxaqvcn.mongodb.net:27017], passives=[], arbiters=[], primary='ac-g1io69i-shard-00-02.bxaqvcn.mongodb.net:27017', tagSet=TagSet{[Tag{name='availabilityZone', value='sae1-az1'}, Tag{name='diskState', value='READY'}, Tag{name='nodeType', value='ELECTABLE'}, Tag{name='provider', value='AWS'}, Tag{name='region', value='SA_EAST_1'}, Tag{name='workloadType', value='OPERATIONAL'}]}, electionId=null, setVersion=7, topologyVersion=TopologyVersion{processId=66c8a6225c365cadb61418d5, counter=4}, lastWriteDate=Mon Sep 09 23:22:41 BRT 2024, lastUpdateTimeNanos=916537938529300}
2024-09-09 23:22:41 INFO  cluster:71 - Monitor thread successfully connected to server with description ServerDescription{address=ac-g1io69i-shard-00-01.bxaqvcn.mongodb.net:27017, type=REPLICA_SET_SECONDARY, state=CONNECTED, ok=true, minWireVersion=0, maxWireVersion=21, maxDocumentSize=16777216, logicalSessionTimeoutMinutes=30, roundTripTimeNanos=179900800, setName='atlas-jf9w0x-shard-0', canonicalAddress=ac-g1io69i-shard-00-01.bxaqvcn.mongodb.net:27017, hosts=[ac-g1io69i-shard-00-01.bxaqvcn.mongodb.net:27017, ac-g1io69i-shard-00-00.bxaqvcn.mongodb.net:27017, ac-g1io69i-shard-00-02.bxaqvcn.mongodb.net:27017], passives=[], arbiters=[], primary='ac-g1io69i-shard-00-02.bxaqvcn.mongodb.net:27017', tagSet=TagSet{[Tag{name='availabilityZone', value='sae1-az3'}, Tag{name='diskState', value='READY'}, Tag{name='nodeType', value='ELECTABLE'}, Tag{name='provider', value='AWS'}, Tag{name='region', value='SA_EAST_1'}, Tag{name='workloadType', value='OPERATIONAL'}]}, electionId=null, setVersion=7, topologyVersion=TopologyVersion{processId=66c8aac1051574387f40c7c0, counter=3}, lastWriteDate=Mon Sep 09 23:22:41 BRT 2024, lastUpdateTimeNanos=916537938545000}
2024-09-09 23:22:41 INFO  cluster:71 - Monitor thread successfully connected to server with description ServerDescription{address=ac-g1io69i-shard-00-02.bxaqvcn.mongodb.net:27017, type=REPLICA_SET_PRIMARY, state=CONNECTED, ok=true, minWireVersion=0, maxWireVersion=21, maxDocumentSize=16777216, logicalSessionTimeoutMinutes=30, roundTripTimeNanos=214413700, setName='atlas-jf9w0x-shard-0', canonicalAddress=ac-g1io69i-shard-00-02.bxaqvcn.mongodb.net:27017, hosts=[ac-g1io69i-shard-00-01.bxaqvcn.mongodb.net:27017, ac-g1io69i-shard-00-00.bxaqvcn.mongodb.net:27017, ac-g1io69i-shard-00-02.bxaqvcn.mongodb.net:27017], passives=[], arbiters=[], primary='ac-g1io69i-shard-00-02.bxaqvcn.mongodb.net:27017', tagSet=TagSet{[Tag{name='availabilityZone', value='sae1-az2'}, Tag{name='diskState', value='READY'}, Tag{name='nodeType', value='ELECTABLE'}, Tag{name='provider', value='AWS'}, Tag{name='region', value='SA_EAST_1'}, Tag{name='workloadType', value='OPERATIONAL'}]}, electionId=7fffffff0000000000000015, setVersion=7, topologyVersion=TopologyVersion{processId=66c8a87c24676ba565c0dd3e, counter=6}, lastWriteDate=Mon Sep 09 23:22:41 BRT 2024, lastUpdateTimeNanos=916537938531900}
2024-09-09 23:22:41 INFO  cluster:71 - Discovered replica set primary ac-g1io69i-shard-00-02.bxaqvcn.mongodb.net:27017 with max election id 7fffffff0000000000000015 and max set version 7
2024-09-09 23:22:42 INFO  App:84 - Conexão realizada com sucesso
2024-09-10 16:25:12 INFO  App:52 - Iniciando aplicação na porta 8000
2024-09-10 16:25:12 INFO  Javalin:16 - Starting Javalin ...
2024-09-10 16:25:12 INFO  Server:384 - jetty-11.0.21; built: 2024-05-14T03:19:28.958Z; git: 996cd61addad9cb033e0e3eba6fa3f0fa3dc270d; jvm 22.0.1+8-16
2024-09-10 16:25:12 INFO  DefaultSessionIdManager:332 - Session workerName=node0
2024-09-10 16:25:12 INFO  ContextHandler:907 - Started o.e.j.s.ServletContextHandler@3a62c01e{/,null,AVAILABLE}
2024-09-10 16:25:12 INFO  AbstractConnector:376 - Started ServerConnector@c4ed84{HTTP/1.1, (http/1.1)}{0.0.0.0:8000}
2024-09-10 16:25:12 INFO  Server:439 - Started Server@43b6123e{STARTING}[11.0.21,sto=0] @1832ms
2024-09-10 16:25:12 INFO  Javalin:16 - 
       __                  ___           _____
      / /___ __   ______ _/ (_)___      / ___/
 __  / / __ `/ | / / __ `/ / / __ \    / __ \
/ /_/ / /_/ /| |/ / /_/ / / / / / /   / /_/ /
\____/\__,_/ |___/\__,_/_/_/_/ /_/    \____/

       https://javalin.io/documentation

2024-09-10 16:25:12 INFO  Javalin:16 - Javalin started in 369ms \o/
2024-09-10 16:25:12 INFO  Javalin:21 - Static file handler added: StaticFileConfig(hostedPath=/, directory=/public, location=CLASSPATH, precompress=false, aliasCheck=null, headers={Cache-Control=max-age=0}, skipFileFunction=Function1<jakarta.servlet.http.HttpServletRequest, java.lang.Boolean>, mimeTypes={}). File system location: 'file:///C:/Users/willi/Desktop/Projetos/Integra%C3%A7%C3%A3o%20Java+React/BackEnd/target/classes/public/'
2024-09-10 16:25:12 INFO  Javalin:16 - Listening on http://localhost:8000/
2024-09-10 16:25:12 INFO  Javalin:16 - You are running Javalin 6.2.0 (released July 21, 2024).
2024-09-10 16:25:12 INFO  App:103 - Recuperando String de acesso ao mongo
2024-09-10 16:25:12 INFO  App:108 - Conectando ao mongo
2024-09-10 16:25:13 INFO  client:71 - MongoClient with metadata {"application": {"name": "Cluster0"}, "driver": {"name": "mongo-java-driver|sync", "version": "5.1.1"}, "os": {"type": "Windows", "name": "Windows 11", "architecture": "amd64", "version": "10.0"}, "platform": "Java/Oracle Corporation/22.0.1+8-16"} created with settings MongoClientSettings{readPreference=primary, writeConcern=WriteConcern{w=majority, wTimeout=null ms, journal=null}, retryWrites=true, retryReads=true, readConcern=ReadConcern{level=null}, credential=MongoCredential{mechanism=null, userName='petersonsilva', source='admin', password=<hidden>, mechanismProperties=<hidden>}, transportSettings=null, commandListeners=[], codecRegistry=ProvidersCodecRegistry{codecProviders=[ValueCodecProvider{}, BsonValueCodecProvider{}, DBRefCodecProvider{}, DBObjectCodecProvider{}, DocumentCodecProvider{}, CollectionCodecProvider{}, IterableCodecProvider{}, MapCodecProvider{}, GeoJsonCodecProvider{}, GridFSFileCodecProvider{}, Jsr310CodecProvider{}, JsonObjectCodecProvider{}, BsonCodecProvider{}, EnumCodecProvider{}, com.mongodb.client.model.mql.ExpressionCodecProvider@253c1256, com.mongodb.Jep395RecordCodecProvider@8dfe921, com.mongodb.KotlinCodecProvider@503fbbc6]}, loggerSettings=LoggerSettings{maxDocumentLength=1000}, clusterSettings={hosts=[127.0.0.1:27017], srvHost=cluster0.bxaqvcn.mongodb.net, srvServiceName=mongodb, mode=MULTIPLE, requiredClusterType=REPLICA_SET, requiredReplicaSetName='atlas-jf9w0x-shard-0', serverSelector='null', clusterListeners='[]', serverSelectionTimeout='30000 ms', localThreshold='15 ms'}, socketSettings=SocketSettings{connectTimeoutMS=10000, readTimeoutMS=0, receiveBufferSize=0, proxySettings=ProxySettings{host=null, port=null, username=null, password=null}}, heartbeatSocketSettings=SocketSettings{connectTimeoutMS=10000, readTimeoutMS=10000, receiveBufferSize=0, proxySettings=ProxySettings{host=null, port=null, username=null, password=null}}, connectionPoolSettings=ConnectionPoolSettings{maxSize=100, minSize=0, maxWaitTimeMS=120000, maxConnectionLifeTimeMS=0, maxConnectionIdleTimeMS=0, maintenanceInitialDelayMS=0, maintenanceFrequencyMS=60000, connectionPoolListeners=[], maxConnecting=2}, serverSettings=ServerSettings{heartbeatFrequencyMS=10000, minHeartbeatFrequencyMS=500, serverMonitoringMode=AUTO, serverListeners='[]', serverMonitorListeners='[]'}, sslSettings=SslSettings{enabled=true, invalidHostNameAllowed=false, context=null}, applicationName='Cluster0', compressorList=[], uuidRepresentation=UNSPECIFIED, serverApi=null, autoEncryptionSettings=null, dnsClient=null, inetAddressResolver=null, contextProvider=null}
2024-09-10 16:25:13 INFO  cluster:71 - Waiting for server to become available for operation with ID 1. Remaining time: 30000 ms. Selector: ReadPreferenceServerSelector{readPreference=primary}, topology description: {type=UNKNOWN, servers=[].
2024-09-10 16:25:13 INFO  cluster:71 - Adding discovered server ac-g1io69i-shard-00-00.bxaqvcn.mongodb.net:27017 to client view of cluster
2024-09-10 16:25:13 INFO  cluster:71 - Adding discovered server ac-g1io69i-shard-00-01.bxaqvcn.mongodb.net:27017 to client view of cluster
2024-09-10 16:25:13 INFO  cluster:71 - Adding discovered server ac-g1io69i-shard-00-02.bxaqvcn.mongodb.net:27017 to client view of cluster
2024-09-10 16:25:14 INFO  cluster:71 - Monitor thread successfully connected to server with description ServerDescription{address=ac-g1io69i-shard-00-00.bxaqvcn.mongodb.net:27017, type=REPLICA_SET_SECONDARY, state=CONNECTED, ok=true, minWireVersion=0, maxWireVersion=21, maxDocumentSize=16777216, logicalSessionTimeoutMinutes=30, roundTripTimeNanos=495490700, setName='atlas-jf9w0x-shard-0', canonicalAddress=ac-g1io69i-shard-00-00.bxaqvcn.mongodb.net:27017, hosts=[ac-g1io69i-shard-00-01.bxaqvcn.mongodb.net:27017, ac-g1io69i-shard-00-00.bxaqvcn.mongodb.net:27017, ac-g1io69i-shard-00-02.bxaqvcn.mongodb.net:27017], passives=[], arbiters=[], primary='ac-g1io69i-shard-00-02.bxaqvcn.mongodb.net:27017', tagSet=TagSet{[Tag{name='availabilityZone', value='sae1-az1'}, Tag{name='diskState', value='READY'}, Tag{name='nodeType', value='ELECTABLE'}, Tag{name='provider', value='AWS'}, Tag{name='region', value='SA_EAST_1'}, Tag{name='workloadType', value='OPERATIONAL'}]}, electionId=null, setVersion=7, topologyVersion=TopologyVersion{processId=66c8a6225c365cadb61418d5, counter=4}, lastWriteDate=Tue Sep 10 16:25:14 BRT 2024, lastUpdateTimeNanos=17267169791700}
2024-09-10 16:25:14 INFO  cluster:71 - Monitor thread successfully connected to server with description ServerDescription{address=ac-g1io69i-shard-00-01.bxaqvcn.mongodb.net:27017, type=REPLICA_SET_SECONDARY, state=CONNECTED, ok=true, minWireVersion=0, maxWireVersion=21, maxDocumentSize=16777216, logicalSessionTimeoutMinutes=30, roundTripTimeNanos=495490600, setName='atlas-jf9w0x-shard-0', canonicalAddress=ac-g1io69i-shard-00-01.bxaqvcn.mongodb.net:27017, hosts=[ac-g1io69i-shard-00-01.bxaqvcn.mongodb.net:27017, ac-g1io69i-shard-00-00.bxaqvcn.mongodb.net:27017, ac-g1io69i-shard-00-02.bxaqvcn.mongodb.net:27017], passives=[], arbiters=[], primary='ac-g1io69i-shard-00-02.bxaqvcn.mongodb.net:27017', tagSet=TagSet{[Tag{name='availabilityZone', value='sae1-az3'}, Tag{name='diskState', value='READY'}, Tag{name='nodeType', value='ELECTABLE'}, Tag{name='provider', value='AWS'}, Tag{name='region', value='SA_EAST_1'}, Tag{name='workloadType', value='OPERATIONAL'}]}, electionId=null, setVersion=7, topologyVersion=TopologyVersion{processId=66c8aac1051574387f40c7c0, counter=3}, lastWriteDate=Tue Sep 10 16:25:14 BRT 2024, lastUpdateTimeNanos=17267169791800}
2024-09-10 16:25:14 INFO  cluster:71 - Monitor thread successfully connected to server with description ServerDescription{address=ac-g1io69i-shard-00-02.bxaqvcn.mongodb.net:27017, type=REPLICA_SET_PRIMARY, state=CONNECTED, ok=true, minWireVersion=0, maxWireVersion=21, maxDocumentSize=16777216, logicalSessionTimeoutMinutes=30, roundTripTimeNanos=496158600, setName='atlas-jf9w0x-shard-0', canonicalAddress=ac-g1io69i-shard-00-02.bxaqvcn.mongodb.net:27017, hosts=[ac-g1io69i-shard-00-01.bxaqvcn.mongodb.net:27017, ac-g1io69i-shard-00-00.bxaqvcn.mongodb.net:27017, ac-g1io69i-shard-00-02.bxaqvcn.mongodb.net:27017], passives=[], arbiters=[], primary='ac-g1io69i-shard-00-02.bxaqvcn.mongodb.net:27017', tagSet=TagSet{[Tag{name='availabilityZone', value='sae1-az2'}, Tag{name='diskState', value='READY'}, Tag{name='nodeType', value='ELECTABLE'}, Tag{name='provider', value='AWS'}, Tag{name='region', value='SA_EAST_1'}, Tag{name='workloadType', value='OPERATIONAL'}]}, electionId=7fffffff0000000000000015, setVersion=7, topologyVersion=TopologyVersion{processId=66c8a87c24676ba565c0dd3e, counter=6}, lastWriteDate=Tue Sep 10 16:25:14 BRT 2024, lastUpdateTimeNanos=17267169792200}
2024-09-10 16:25:14 INFO  cluster:71 - Discovered replica set primary ac-g1io69i-shard-00-02.bxaqvcn.mongodb.net:27017 with max election id 7fffffff0000000000000015 and max set version 7
2024-09-10 16:25:15 INFO  App:111 - Conexão realizada com sucesso
2024-09-10 16:25:15 INFO  App:92 - Conectando ao banco de dados SQL
2024-09-10 16:25:15 ERROR SQLDBRepository:20 - java.sql.SQLException: Access denied for user 'root'@'localhost' (using password: YES)
2024-09-10 16:25:15 ERROR App:95 - Não foi possível recuperar a conexão com o banco de dados
2024-09-10 16:26:30 INFO  App:52 - Iniciando aplicação na porta 8000
2024-09-10 16:26:30 INFO  Javalin:16 - Starting Javalin ...
2024-09-10 16:26:30 INFO  Server:384 - jetty-11.0.21; built: 2024-05-14T03:19:28.958Z; git: 996cd61addad9cb033e0e3eba6fa3f0fa3dc270d; jvm 22.0.1+8-16
2024-09-10 16:26:30 INFO  DefaultSessionIdManager:332 - Session workerName=node0
2024-09-10 16:26:30 INFO  ContextHandler:907 - Started o.e.j.s.ServletContextHandler@3a62c01e{/,null,AVAILABLE}
2024-09-10 16:26:30 INFO  AbstractConnector:376 - Started ServerConnector@c4ed84{HTTP/1.1, (http/1.1)}{0.0.0.0:8000}
2024-09-10 16:26:30 INFO  Server:439 - Started Server@43b6123e{STARTING}[11.0.21,sto=0] @1503ms
2024-09-10 16:26:30 INFO  Javalin:16 - 
       __                  ___           _____
      / /___ __   ______ _/ (_)___      / ___/
 __  / / __ `/ | / / __ `/ / / __ \    / __ \
/ /_/ / /_/ /| |/ / /_/ / / / / / /   / /_/ /
\____/\__,_/ |___/\__,_/_/_/_/ /_/    \____/

       https://javalin.io/documentation

2024-09-10 16:26:30 INFO  Javalin:16 - Javalin started in 312ms \o/
2024-09-10 16:26:30 INFO  Javalin:21 - Static file handler added: StaticFileConfig(hostedPath=/, directory=/public, location=CLASSPATH, precompress=false, aliasCheck=null, headers={Cache-Control=max-age=0}, skipFileFunction=Function1<jakarta.servlet.http.HttpServletRequest, java.lang.Boolean>, mimeTypes={}). File system location: 'file:///C:/Users/willi/Desktop/Projetos/Integra%C3%A7%C3%A3o%20Java+React/BackEnd/target/classes/public/'
2024-09-10 16:26:30 INFO  Javalin:16 - Listening on http://localhost:8000/
2024-09-10 16:26:30 INFO  Javalin:16 - You are running Javalin 6.2.0 (released July 21, 2024).
2024-09-10 16:26:30 INFO  App:103 - Recuperando String de acesso ao mongo
2024-09-10 16:26:30 INFO  App:108 - Conectando ao mongo
2024-09-10 16:26:31 INFO  client:71 - MongoClient with metadata {"application": {"name": "Cluster0"}, "driver": {"name": "mongo-java-driver|sync", "version": "5.1.1"}, "os": {"type": "Windows", "name": "Windows 11", "architecture": "amd64", "version": "10.0"}, "platform": "Java/Oracle Corporation/22.0.1+8-16"} created with settings MongoClientSettings{readPreference=primary, writeConcern=WriteConcern{w=majority, wTimeout=null ms, journal=null}, retryWrites=true, retryReads=true, readConcern=ReadConcern{level=null}, credential=MongoCredential{mechanism=null, userName='petersonsilva', source='admin', password=<hidden>, mechanismProperties=<hidden>}, transportSettings=null, commandListeners=[], codecRegistry=ProvidersCodecRegistry{codecProviders=[ValueCodecProvider{}, BsonValueCodecProvider{}, DBRefCodecProvider{}, DBObjectCodecProvider{}, DocumentCodecProvider{}, CollectionCodecProvider{}, IterableCodecProvider{}, MapCodecProvider{}, GeoJsonCodecProvider{}, GridFSFileCodecProvider{}, Jsr310CodecProvider{}, JsonObjectCodecProvider{}, BsonCodecProvider{}, EnumCodecProvider{}, com.mongodb.client.model.mql.ExpressionCodecProvider@253c1256, com.mongodb.Jep395RecordCodecProvider@8dfe921, com.mongodb.KotlinCodecProvider@503fbbc6]}, loggerSettings=LoggerSettings{maxDocumentLength=1000}, clusterSettings={hosts=[127.0.0.1:27017], srvHost=cluster0.bxaqvcn.mongodb.net, srvServiceName=mongodb, mode=MULTIPLE, requiredClusterType=REPLICA_SET, requiredReplicaSetName='atlas-jf9w0x-shard-0', serverSelector='null', clusterListeners='[]', serverSelectionTimeout='30000 ms', localThreshold='15 ms'}, socketSettings=SocketSettings{connectTimeoutMS=10000, readTimeoutMS=0, receiveBufferSize=0, proxySettings=ProxySettings{host=null, port=null, username=null, password=null}}, heartbeatSocketSettings=SocketSettings{connectTimeoutMS=10000, readTimeoutMS=10000, receiveBufferSize=0, proxySettings=ProxySettings{host=null, port=null, username=null, password=null}}, connectionPoolSettings=ConnectionPoolSettings{maxSize=100, minSize=0, maxWaitTimeMS=120000, maxConnectionLifeTimeMS=0, maxConnectionIdleTimeMS=0, maintenanceInitialDelayMS=0, maintenanceFrequencyMS=60000, connectionPoolListeners=[], maxConnecting=2}, serverSettings=ServerSettings{heartbeatFrequencyMS=10000, minHeartbeatFrequencyMS=500, serverMonitoringMode=AUTO, serverListeners='[]', serverMonitorListeners='[]'}, sslSettings=SslSettings{enabled=true, invalidHostNameAllowed=false, context=null}, applicationName='Cluster0', compressorList=[], uuidRepresentation=UNSPECIFIED, serverApi=null, autoEncryptionSettings=null, dnsClient=null, inetAddressResolver=null, contextProvider=null}
2024-09-10 16:26:31 INFO  cluster:71 - Waiting for server to become available for operation with ID 1. Remaining time: 30000 ms. Selector: ReadPreferenceServerSelector{readPreference=primary}, topology description: {type=UNKNOWN, servers=[].
2024-09-10 16:26:31 INFO  cluster:71 - Adding discovered server ac-g1io69i-shard-00-00.bxaqvcn.mongodb.net:27017 to client view of cluster
2024-09-10 16:26:31 INFO  cluster:71 - Adding discovered server ac-g1io69i-shard-00-01.bxaqvcn.mongodb.net:27017 to client view of cluster
2024-09-10 16:26:31 INFO  cluster:71 - Adding discovered server ac-g1io69i-shard-00-02.bxaqvcn.mongodb.net:27017 to client view of cluster
2024-09-10 16:26:32 INFO  cluster:71 - Monitor thread successfully connected to server with description ServerDescription{address=ac-g1io69i-shard-00-00.bxaqvcn.mongodb.net:27017, type=REPLICA_SET_SECONDARY, state=CONNECTED, ok=true, minWireVersion=0, maxWireVersion=21, maxDocumentSize=16777216, logicalSessionTimeoutMinutes=30, roundTripTimeNanos=425638900, setName='atlas-jf9w0x-shard-0', canonicalAddress=ac-g1io69i-shard-00-00.bxaqvcn.mongodb.net:27017, hosts=[ac-g1io69i-shard-00-01.bxaqvcn.mongodb.net:27017, ac-g1io69i-shard-00-00.bxaqvcn.mongodb.net:27017, ac-g1io69i-shard-00-02.bxaqvcn.mongodb.net:27017], passives=[], arbiters=[], primary='ac-g1io69i-shard-00-02.bxaqvcn.mongodb.net:27017', tagSet=TagSet{[Tag{name='availabilityZone', value='sae1-az1'}, Tag{name='diskState', value='READY'}, Tag{name='nodeType', value='ELECTABLE'}, Tag{name='provider', value='AWS'}, Tag{name='region', value='SA_EAST_1'}, Tag{name='workloadType', value='OPERATIONAL'}]}, electionId=null, setVersion=7, topologyVersion=TopologyVersion{processId=66c8a6225c365cadb61418d5, counter=4}, lastWriteDate=Tue Sep 10 16:26:31 BRT 2024, lastUpdateTimeNanos=17344822680200}
2024-09-10 16:26:32 INFO  cluster:71 - Monitor thread successfully connected to server with description ServerDescription{address=ac-g1io69i-shard-00-02.bxaqvcn.mongodb.net:27017, type=REPLICA_SET_PRIMARY, state=CONNECTED, ok=true, minWireVersion=0, maxWireVersion=21, maxDocumentSize=16777216, logicalSessionTimeoutMinutes=30, roundTripTimeNanos=424027900, setName='atlas-jf9w0x-shard-0', canonicalAddress=ac-g1io69i-shard-00-02.bxaqvcn.mongodb.net:27017, hosts=[ac-g1io69i-shard-00-01.bxaqvcn.mongodb.net:27017, ac-g1io69i-shard-00-00.bxaqvcn.mongodb.net:27017, ac-g1io69i-shard-00-02.bxaqvcn.mongodb.net:27017], passives=[], arbiters=[], primary='ac-g1io69i-shard-00-02.bxaqvcn.mongodb.net:27017', tagSet=TagSet{[Tag{name='availabilityZone', value='sae1-az2'}, Tag{name='diskState', value='READY'}, Tag{name='nodeType', value='ELECTABLE'}, Tag{name='provider', value='AWS'}, Tag{name='region', value='SA_EAST_1'}, Tag{name='workloadType', value='OPERATIONAL'}]}, electionId=7fffffff0000000000000015, setVersion=7, topologyVersion=TopologyVersion{processId=66c8a87c24676ba565c0dd3e, counter=6}, lastWriteDate=Tue Sep 10 16:26:31 BRT 2024, lastUpdateTimeNanos=17344822999900}
2024-09-10 16:26:32 INFO  cluster:71 - Monitor thread successfully connected to server with description ServerDescription{address=ac-g1io69i-shard-00-01.bxaqvcn.mongodb.net:27017, type=REPLICA_SET_SECONDARY, state=CONNECTED, ok=true, minWireVersion=0, maxWireVersion=21, maxDocumentSize=16777216, logicalSessionTimeoutMinutes=30, roundTripTimeNanos=423958200, setName='atlas-jf9w0x-shard-0', canonicalAddress=ac-g1io69i-shard-00-01.bxaqvcn.mongodb.net:27017, hosts=[ac-g1io69i-shard-00-01.bxaqvcn.mongodb.net:27017, ac-g1io69i-shard-00-00.bxaqvcn.mongodb.net:27017, ac-g1io69i-shard-00-02.bxaqvcn.mongodb.net:27017], passives=[], arbiters=[], primary='ac-g1io69i-shard-00-02.bxaqvcn.mongodb.net:27017', tagSet=TagSet{[Tag{name='availabilityZone', value='sae1-az3'}, Tag{name='diskState', value='READY'}, Tag{name='nodeType', value='ELECTABLE'}, Tag{name='provider', value='AWS'}, Tag{name='region', value='SA_EAST_1'}, Tag{name='workloadType', value='OPERATIONAL'}]}, electionId=null, setVersion=7, topologyVersion=TopologyVersion{processId=66c8aac1051574387f40c7c0, counter=3}, lastWriteDate=Tue Sep 10 16:26:31 BRT 2024, lastUpdateTimeNanos=17344822899400}
2024-09-10 16:26:32 INFO  cluster:71 - Discovered replica set primary ac-g1io69i-shard-00-02.bxaqvcn.mongodb.net:27017 with max election id 7fffffff0000000000000015 and max set version 7
2024-09-10 16:26:36 INFO  App:111 - Conexão realizada com sucesso
2024-09-10 16:26:36 INFO  App:92 - Conectando ao banco de dados SQL
2024-09-10 16:26:36 ERROR SQLDBRepository:20 - java.sql.SQLException: Access denied for user 'root'@'localhost' (using password: YES)
2024-09-10 16:26:36 ERROR App:95 - Não foi possível recuperar a conexão com o banco de dados
2024-09-10 16:28:50 INFO  App:52 - Iniciando aplicação na porta 8000
2024-09-10 16:28:50 INFO  Javalin:16 - Starting Javalin ...
2024-09-10 16:28:50 INFO  Server:384 - jetty-11.0.21; built: 2024-05-14T03:19:28.958Z; git: 996cd61addad9cb033e0e3eba6fa3f0fa3dc270d; jvm 22.0.1+8-16
2024-09-10 16:28:50 INFO  DefaultSessionIdManager:332 - Session workerName=node0
2024-09-10 16:28:50 INFO  ContextHandler:907 - Started o.e.j.s.ServletContextHandler@3a62c01e{/,null,AVAILABLE}
2024-09-10 16:28:50 INFO  AbstractConnector:376 - Started ServerConnector@c4ed84{HTTP/1.1, (http/1.1)}{0.0.0.0:8000}
2024-09-10 16:28:50 INFO  Server:439 - Started Server@43b6123e{STARTING}[11.0.21,sto=0] @1319ms
2024-09-10 16:28:50 INFO  Javalin:16 - 
       __                  ___           _____
      / /___ __   ______ _/ (_)___      / ___/
 __  / / __ `/ | / / __ `/ / / __ \    / __ \
/ /_/ / /_/ /| |/ / /_/ / / / / / /   / /_/ /
\____/\__,_/ |___/\__,_/_/_/_/ /_/    \____/

       https://javalin.io/documentation

2024-09-10 16:28:50 INFO  Javalin:16 - Javalin started in 340ms \o/
2024-09-10 16:28:50 INFO  Javalin:21 - Static file handler added: StaticFileConfig(hostedPath=/, directory=/public, location=CLASSPATH, precompress=false, aliasCheck=null, headers={Cache-Control=max-age=0}, skipFileFunction=Function1<jakarta.servlet.http.HttpServletRequest, java.lang.Boolean>, mimeTypes={}). File system location: 'file:///C:/Users/willi/Desktop/Projetos/Integra%C3%A7%C3%A3o%20Java+React/BackEnd/target/classes/public/'
2024-09-10 16:28:50 INFO  Javalin:16 - Listening on http://localhost:8000/
2024-09-10 16:28:50 INFO  Javalin:16 - You are running Javalin 6.2.0 (released July 21, 2024).
2024-09-10 16:28:50 INFO  App:103 - Recuperando String de acesso ao mongo
2024-09-10 16:28:50 INFO  App:108 - Conectando ao mongo
2024-09-10 16:28:51 INFO  client:71 - MongoClient with metadata {"application": {"name": "Cluster0"}, "driver": {"name": "mongo-java-driver|sync", "version": "5.1.1"}, "os": {"type": "Windows", "name": "Windows 11", "architecture": "amd64", "version": "10.0"}, "platform": "Java/Oracle Corporation/22.0.1+8-16"} created with settings MongoClientSettings{readPreference=primary, writeConcern=WriteConcern{w=majority, wTimeout=null ms, journal=null}, retryWrites=true, retryReads=true, readConcern=ReadConcern{level=null}, credential=MongoCredential{mechanism=null, userName='petersonsilva', source='admin', password=<hidden>, mechanismProperties=<hidden>}, transportSettings=null, commandListeners=[], codecRegistry=ProvidersCodecRegistry{codecProviders=[ValueCodecProvider{}, BsonValueCodecProvider{}, DBRefCodecProvider{}, DBObjectCodecProvider{}, DocumentCodecProvider{}, CollectionCodecProvider{}, IterableCodecProvider{}, MapCodecProvider{}, GeoJsonCodecProvider{}, GridFSFileCodecProvider{}, Jsr310CodecProvider{}, JsonObjectCodecProvider{}, BsonCodecProvider{}, EnumCodecProvider{}, com.mongodb.client.model.mql.ExpressionCodecProvider@253c1256, com.mongodb.Jep395RecordCodecProvider@8dfe921, com.mongodb.KotlinCodecProvider@503fbbc6]}, loggerSettings=LoggerSettings{maxDocumentLength=1000}, clusterSettings={hosts=[127.0.0.1:27017], srvHost=cluster0.bxaqvcn.mongodb.net, srvServiceName=mongodb, mode=MULTIPLE, requiredClusterType=REPLICA_SET, requiredReplicaSetName='atlas-jf9w0x-shard-0', serverSelector='null', clusterListeners='[]', serverSelectionTimeout='30000 ms', localThreshold='15 ms'}, socketSettings=SocketSettings{connectTimeoutMS=10000, readTimeoutMS=0, receiveBufferSize=0, proxySettings=ProxySettings{host=null, port=null, username=null, password=null}}, heartbeatSocketSettings=SocketSettings{connectTimeoutMS=10000, readTimeoutMS=10000, receiveBufferSize=0, proxySettings=ProxySettings{host=null, port=null, username=null, password=null}}, connectionPoolSettings=ConnectionPoolSettings{maxSize=100, minSize=0, maxWaitTimeMS=120000, maxConnectionLifeTimeMS=0, maxConnectionIdleTimeMS=0, maintenanceInitialDelayMS=0, maintenanceFrequencyMS=60000, connectionPoolListeners=[], maxConnecting=2}, serverSettings=ServerSettings{heartbeatFrequencyMS=10000, minHeartbeatFrequencyMS=500, serverMonitoringMode=AUTO, serverListeners='[]', serverMonitorListeners='[]'}, sslSettings=SslSettings{enabled=true, invalidHostNameAllowed=false, context=null}, applicationName='Cluster0', compressorList=[], uuidRepresentation=UNSPECIFIED, serverApi=null, autoEncryptionSettings=null, dnsClient=null, inetAddressResolver=null, contextProvider=null}
2024-09-10 16:28:51 INFO  cluster:71 - Waiting for server to become available for operation with ID 1. Remaining time: 30000 ms. Selector: ReadPreferenceServerSelector{readPreference=primary}, topology description: {type=UNKNOWN, servers=[].
2024-09-10 16:28:51 INFO  cluster:71 - Adding discovered server ac-g1io69i-shard-00-00.bxaqvcn.mongodb.net:27017 to client view of cluster
2024-09-10 16:28:51 INFO  cluster:71 - Adding discovered server ac-g1io69i-shard-00-01.bxaqvcn.mongodb.net:27017 to client view of cluster
2024-09-10 16:28:51 INFO  cluster:71 - Adding discovered server ac-g1io69i-shard-00-02.bxaqvcn.mongodb.net:27017 to client view of cluster
2024-09-10 16:28:52 INFO  cluster:71 - Monitor thread successfully connected to server with description ServerDescription{address=ac-g1io69i-shard-00-00.bxaqvcn.mongodb.net:27017, type=REPLICA_SET_SECONDARY, state=CONNECTED, ok=true, minWireVersion=0, maxWireVersion=21, maxDocumentSize=16777216, logicalSessionTimeoutMinutes=30, roundTripTimeNanos=321324400, setName='atlas-jf9w0x-shard-0', canonicalAddress=ac-g1io69i-shard-00-00.bxaqvcn.mongodb.net:27017, hosts=[ac-g1io69i-shard-00-01.bxaqvcn.mongodb.net:27017, ac-g1io69i-shard-00-00.bxaqvcn.mongodb.net:27017, ac-g1io69i-shard-00-02.bxaqvcn.mongodb.net:27017], passives=[], arbiters=[], primary='ac-g1io69i-shard-00-02.bxaqvcn.mongodb.net:27017', tagSet=TagSet{[Tag{name='availabilityZone', value='sae1-az1'}, Tag{name='diskState', value='READY'}, Tag{name='nodeType', value='ELECTABLE'}, Tag{name='provider', value='AWS'}, Tag{name='region', value='SA_EAST_1'}, Tag{name='workloadType', value='OPERATIONAL'}]}, electionId=null, setVersion=7, topologyVersion=TopologyVersion{processId=66c8a6225c365cadb61418d5, counter=4}, lastWriteDate=Tue Sep 10 16:28:51 BRT 2024, lastUpdateTimeNanos=17484799907500}
2024-09-10 16:28:52 INFO  cluster:71 - Monitor thread successfully connected to server with description ServerDescription{address=ac-g1io69i-shard-00-01.bxaqvcn.mongodb.net:27017, type=REPLICA_SET_SECONDARY, state=CONNECTED, ok=true, minWireVersion=0, maxWireVersion=21, maxDocumentSize=16777216, logicalSessionTimeoutMinutes=30, roundTripTimeNanos=424212400, setName='atlas-jf9w0x-shard-0', canonicalAddress=ac-g1io69i-shard-00-01.bxaqvcn.mongodb.net:27017, hosts=[ac-g1io69i-shard-00-01.bxaqvcn.mongodb.net:27017, ac-g1io69i-shard-00-00.bxaqvcn.mongodb.net:27017, ac-g1io69i-shard-00-02.bxaqvcn.mongodb.net:27017], passives=[], arbiters=[], primary='ac-g1io69i-shard-00-02.bxaqvcn.mongodb.net:27017', tagSet=TagSet{[Tag{name='availabilityZone', value='sae1-az3'}, Tag{name='diskState', value='READY'}, Tag{name='nodeType', value='ELECTABLE'}, Tag{name='provider', value='AWS'}, Tag{name='region', value='SA_EAST_1'}, Tag{name='workloadType', value='OPERATIONAL'}]}, electionId=null, setVersion=7, topologyVersion=TopologyVersion{processId=66c8aac1051574387f40c7c0, counter=3}, lastWriteDate=Tue Sep 10 16:28:51 BRT 2024, lastUpdateTimeNanos=17484800080900}
2024-09-10 16:28:52 INFO  cluster:71 - Monitor thread successfully connected to server with description ServerDescription{address=ac-g1io69i-shard-00-02.bxaqvcn.mongodb.net:27017, type=REPLICA_SET_PRIMARY, state=CONNECTED, ok=true, minWireVersion=0, maxWireVersion=21, maxDocumentSize=16777216, logicalSessionTimeoutMinutes=30, roundTripTimeNanos=421880900, setName='atlas-jf9w0x-shard-0', canonicalAddress=ac-g1io69i-shard-00-02.bxaqvcn.mongodb.net:27017, hosts=[ac-g1io69i-shard-00-01.bxaqvcn.mongodb.net:27017, ac-g1io69i-shard-00-00.bxaqvcn.mongodb.net:27017, ac-g1io69i-shard-00-02.bxaqvcn.mongodb.net:27017], passives=[], arbiters=[], primary='ac-g1io69i-shard-00-02.bxaqvcn.mongodb.net:27017', tagSet=TagSet{[Tag{name='availabilityZone', value='sae1-az2'}, Tag{name='diskState', value='READY'}, Tag{name='nodeType', value='ELECTABLE'}, Tag{name='provider', value='AWS'}, Tag{name='region', value='SA_EAST_1'}, Tag{name='workloadType', value='OPERATIONAL'}]}, electionId=7fffffff0000000000000015, setVersion=7, topologyVersion=TopologyVersion{processId=66c8a87c24676ba565c0dd3e, counter=6}, lastWriteDate=Tue Sep 10 16:28:51 BRT 2024, lastUpdateTimeNanos=17484798161300}
2024-09-10 16:28:52 INFO  cluster:71 - Discovered replica set primary ac-g1io69i-shard-00-02.bxaqvcn.mongodb.net:27017 with max election id 7fffffff0000000000000015 and max set version 7
2024-09-10 16:28:53 INFO  App:111 - Conexão realizada com sucesso
2024-09-10 16:28:53 INFO  App:92 - Conectando ao banco de dados SQL
2024-09-10 16:34:56 INFO  App:52 - Iniciando aplicação na porta 8000
2024-09-10 16:34:56 INFO  Javalin:16 - Starting Javalin ...
2024-09-10 16:34:56 INFO  Server:384 - jetty-11.0.21; built: 2024-05-14T03:19:28.958Z; git: 996cd61addad9cb033e0e3eba6fa3f0fa3dc270d; jvm 22.0.1+8-16
2024-09-10 16:34:56 INFO  DefaultSessionIdManager:332 - Session workerName=node0
2024-09-10 16:34:56 INFO  ContextHandler:907 - Started o.e.j.s.ServletContextHandler@18230356{/,null,AVAILABLE}
2024-09-10 16:34:56 INFO  AbstractConnector:376 - Started ServerConnector@737a135b{HTTP/1.1, (http/1.1)}{0.0.0.0:8000}
2024-09-10 16:34:56 INFO  Server:439 - Started Server@5ef6ae06{STARTING}[11.0.21,sto=0] @1406ms
2024-09-10 16:34:56 INFO  Javalin:16 - 
       __                  ___           _____
      / /___ __   ______ _/ (_)___      / ___/
 __  / / __ `/ | / / __ `/ / / __ \    / __ \
/ /_/ / /_/ /| |/ / /_/ / / / / / /   / /_/ /
\____/\__,_/ |___/\__,_/_/_/_/ /_/    \____/

       https://javalin.io/documentation

2024-09-10 16:34:56 INFO  Javalin:16 - Javalin started in 341ms \o/
2024-09-10 16:34:56 INFO  Javalin:21 - Static file handler added: StaticFileConfig(hostedPath=/, directory=/public, location=CLASSPATH, precompress=false, aliasCheck=null, headers={Cache-Control=max-age=0}, skipFileFunction=Function1<jakarta.servlet.http.HttpServletRequest, java.lang.Boolean>, mimeTypes={}). File system location: 'file:///C:/Users/willi/Desktop/Projetos/Integra%C3%A7%C3%A3o%20Java+React/BackEnd/target/classes/public/'
2024-09-10 16:34:56 INFO  Javalin:16 - Listening on http://localhost:8000/
2024-09-10 16:34:56 INFO  Javalin:16 - You are running Javalin 6.2.0 (released July 21, 2024).
2024-09-10 16:34:56 INFO  App:101 - Recuperando String de acesso ao mongo
2024-09-10 16:34:56 INFO  App:106 - Conectando ao mongo
2024-09-10 16:34:57 INFO  client:71 - MongoClient with metadata {"application": {"name": "Cluster0"}, "driver": {"name": "mongo-java-driver|sync", "version": "5.1.1"}, "os": {"type": "Windows", "name": "Windows 11", "architecture": "amd64", "version": "10.0"}, "platform": "Java/Oracle Corporation/22.0.1+8-16"} created with settings MongoClientSettings{readPreference=primary, writeConcern=WriteConcern{w=majority, wTimeout=null ms, journal=null}, retryWrites=true, retryReads=true, readConcern=ReadConcern{level=null}, credential=MongoCredential{mechanism=null, userName='petersonsilva', source='admin', password=<hidden>, mechanismProperties=<hidden>}, transportSettings=null, commandListeners=[], codecRegistry=ProvidersCodecRegistry{codecProviders=[ValueCodecProvider{}, BsonValueCodecProvider{}, DBRefCodecProvider{}, DBObjectCodecProvider{}, DocumentCodecProvider{}, CollectionCodecProvider{}, IterableCodecProvider{}, MapCodecProvider{}, GeoJsonCodecProvider{}, GridFSFileCodecProvider{}, Jsr310CodecProvider{}, JsonObjectCodecProvider{}, BsonCodecProvider{}, EnumCodecProvider{}, com.mongodb.client.model.mql.ExpressionCodecProvider@2b50150, com.mongodb.Jep395RecordCodecProvider@15b986cd, com.mongodb.KotlinCodecProvider@6bb7cce7]}, loggerSettings=LoggerSettings{maxDocumentLength=1000}, clusterSettings={hosts=[127.0.0.1:27017], srvHost=cluster0.bxaqvcn.mongodb.net, srvServiceName=mongodb, mode=MULTIPLE, requiredClusterType=REPLICA_SET, requiredReplicaSetName='atlas-jf9w0x-shard-0', serverSelector='null', clusterListeners='[]', serverSelectionTimeout='30000 ms', localThreshold='15 ms'}, socketSettings=SocketSettings{connectTimeoutMS=10000, readTimeoutMS=0, receiveBufferSize=0, proxySettings=ProxySettings{host=null, port=null, username=null, password=null}}, heartbeatSocketSettings=SocketSettings{connectTimeoutMS=10000, readTimeoutMS=10000, receiveBufferSize=0, proxySettings=ProxySettings{host=null, port=null, username=null, password=null}}, connectionPoolSettings=ConnectionPoolSettings{maxSize=100, minSize=0, maxWaitTimeMS=120000, maxConnectionLifeTimeMS=0, maxConnectionIdleTimeMS=0, maintenanceInitialDelayMS=0, maintenanceFrequencyMS=60000, connectionPoolListeners=[], maxConnecting=2}, serverSettings=ServerSettings{heartbeatFrequencyMS=10000, minHeartbeatFrequencyMS=500, serverMonitoringMode=AUTO, serverListeners='[]', serverMonitorListeners='[]'}, sslSettings=SslSettings{enabled=true, invalidHostNameAllowed=false, context=null}, applicationName='Cluster0', compressorList=[], uuidRepresentation=UNSPECIFIED, serverApi=null, autoEncryptionSettings=null, dnsClient=null, inetAddressResolver=null, contextProvider=null}
2024-09-10 16:34:57 INFO  cluster:71 - Waiting for server to become available for operation with ID 1. Remaining time: 30000 ms. Selector: ReadPreferenceServerSelector{readPreference=primary}, topology description: {type=UNKNOWN, servers=[].
2024-09-10 16:34:57 INFO  cluster:71 - Adding discovered server ac-g1io69i-shard-00-00.bxaqvcn.mongodb.net:27017 to client view of cluster
2024-09-10 16:34:57 INFO  cluster:71 - Adding discovered server ac-g1io69i-shard-00-01.bxaqvcn.mongodb.net:27017 to client view of cluster
2024-09-10 16:34:57 INFO  cluster:71 - Adding discovered server ac-g1io69i-shard-00-02.bxaqvcn.mongodb.net:27017 to client view of cluster
2024-09-10 16:34:58 INFO  cluster:71 - Monitor thread successfully connected to server with description ServerDescription{address=ac-g1io69i-shard-00-02.bxaqvcn.mongodb.net:27017, type=REPLICA_SET_PRIMARY, state=CONNECTED, ok=true, minWireVersion=0, maxWireVersion=21, maxDocumentSize=16777216, logicalSessionTimeoutMinutes=30, roundTripTimeNanos=646788500, setName='atlas-jf9w0x-shard-0', canonicalAddress=ac-g1io69i-shard-00-02.bxaqvcn.mongodb.net:27017, hosts=[ac-g1io69i-shard-00-01.bxaqvcn.mongodb.net:27017, ac-g1io69i-shard-00-00.bxaqvcn.mongodb.net:27017, ac-g1io69i-shard-00-02.bxaqvcn.mongodb.net:27017], passives=[], arbiters=[], primary='ac-g1io69i-shard-00-02.bxaqvcn.mongodb.net:27017', tagSet=TagSet{[Tag{name='availabilityZone', value='sae1-az2'}, Tag{name='diskState', value='READY'}, Tag{name='nodeType', value='ELECTABLE'}, Tag{name='provider', value='AWS'}, Tag{name='region', value='SA_EAST_1'}, Tag{name='workloadType', value='OPERATIONAL'}]}, electionId=7fffffff0000000000000015, setVersion=7, topologyVersion=TopologyVersion{processId=66c8a87c24676ba565c0dd3e, counter=6}, lastWriteDate=Tue Sep 10 16:34:57 BRT 2024, lastUpdateTimeNanos=17851002126500}
2024-09-10 16:34:58 INFO  cluster:71 - Monitor thread successfully connected to server with description ServerDescription{address=ac-g1io69i-shard-00-01.bxaqvcn.mongodb.net:27017, type=REPLICA_SET_SECONDARY, state=CONNECTED, ok=true, minWireVersion=0, maxWireVersion=21, maxDocumentSize=16777216, logicalSessionTimeoutMinutes=30, roundTripTimeNanos=645001000, setName='atlas-jf9w0x-shard-0', canonicalAddress=ac-g1io69i-shard-00-01.bxaqvcn.mongodb.net:27017, hosts=[ac-g1io69i-shard-00-01.bxaqvcn.mongodb.net:27017, ac-g1io69i-shard-00-00.bxaqvcn.mongodb.net:27017, ac-g1io69i-shard-00-02.bxaqvcn.mongodb.net:27017], passives=[], arbiters=[], primary='ac-g1io69i-shard-00-02.bxaqvcn.mongodb.net:27017', tagSet=TagSet{[Tag{name='availabilityZone', value='sae1-az3'}, Tag{name='diskState', value='READY'}, Tag{name='nodeType', value='ELECTABLE'}, Tag{name='provider', value='AWS'}, Tag{name='region', value='SA_EAST_1'}, Tag{name='workloadType', value='OPERATIONAL'}]}, electionId=null, setVersion=7, topologyVersion=TopologyVersion{processId=66c8aac1051574387f40c7c0, counter=3}, lastWriteDate=Tue Sep 10 16:34:57 BRT 2024, lastUpdateTimeNanos=17851000305900}
2024-09-10 16:34:58 INFO  cluster:71 - Discovered replica set primary ac-g1io69i-shard-00-02.bxaqvcn.mongodb.net:27017 with max election id 7fffffff0000000000000015 and max set version 7
2024-09-10 16:34:58 INFO  cluster:71 - Monitor thread successfully connected to server with description ServerDescription{address=ac-g1io69i-shard-00-00.bxaqvcn.mongodb.net:27017, type=REPLICA_SET_SECONDARY, state=CONNECTED, ok=true, minWireVersion=0, maxWireVersion=21, maxDocumentSize=16777216, logicalSessionTimeoutMinutes=30, roundTripTimeNanos=646824500, setName='atlas-jf9w0x-shard-0', canonicalAddress=ac-g1io69i-shard-00-00.bxaqvcn.mongodb.net:27017, hosts=[ac-g1io69i-shard-00-01.bxaqvcn.mongodb.net:27017, ac-g1io69i-shard-00-00.bxaqvcn.mongodb.net:27017, ac-g1io69i-shard-00-02.bxaqvcn.mongodb.net:27017], passives=[], arbiters=[], primary='ac-g1io69i-shard-00-02.bxaqvcn.mongodb.net:27017', tagSet=TagSet{[Tag{name='availabilityZone', value='sae1-az1'}, Tag{name='diskState', value='READY'}, Tag{name='nodeType', value='ELECTABLE'}, Tag{name='provider', value='AWS'}, Tag{name='region', value='SA_EAST_1'}, Tag{name='workloadType', value='OPERATIONAL'}]}, electionId=null, setVersion=7, topologyVersion=TopologyVersion{processId=66c8a6225c365cadb61418d5, counter=4}, lastWriteDate=Tue Sep 10 16:34:57 BRT 2024, lastUpdateTimeNanos=17851002125500}
2024-09-10 16:34:59 INFO  App:109 - Conexão realizada com sucesso
2024-09-10 16:34:59 INFO  App:90 - Conectando ao banco de dados SQL
2024-09-10 16:39:08 INFO  cluster:76 - Exception in monitor thread while connecting to server ac-g1io69i-shard-00-02.bxaqvcn.mongodb.net:27017
com.mongodb.MongoSocketReadTimeoutException: Timeout while receiving message
	at com.mongodb.internal.connection.InternalStreamConnection.translateReadException(InternalStreamConnection.java:787) ~[mongodb-driver-core-5.1.1.jar:?]
	at com.mongodb.internal.connection.InternalStreamConnection.receiveMessageWithAdditionalTimeout(InternalStreamConnection.java:664) ~[mongodb-driver-core-5.1.1.jar:?]
	at com.mongodb.internal.connection.InternalStreamConnection.receiveCommandMessageResponse(InternalStreamConnection.java:512) ~[mongodb-driver-core-5.1.1.jar:?]
	at com.mongodb.internal.connection.InternalStreamConnection.receive(InternalStreamConnection.java:465) ~[mongodb-driver-core-5.1.1.jar:?]
	at com.mongodb.internal.connection.DefaultServerMonitor$ServerMonitor.lookupServerDescription(DefaultServerMonitor.java:246) [mongodb-driver-core-5.1.1.jar:?]
	at com.mongodb.internal.connection.DefaultServerMonitor$ServerMonitor.run(DefaultServerMonitor.java:173) [mongodb-driver-core-5.1.1.jar:?]
Caused by: java.net.SocketTimeoutException: Read timed out
	at java.base/sun.nio.ch.NioSocketImpl.timedRead(NioSocketImpl.java:278) ~[?:?]
	at java.base/sun.nio.ch.NioSocketImpl.implRead(NioSocketImpl.java:304) ~[?:?]
	at java.base/sun.nio.ch.NioSocketImpl.read(NioSocketImpl.java:346) ~[?:?]
	at java.base/sun.nio.ch.NioSocketImpl$1.read(NioSocketImpl.java:796) ~[?:?]
	at java.base/java.net.Socket$SocketInputStream.implRead(Socket.java:1108) ~[?:?]
	at java.base/java.net.Socket$SocketInputStream.read(Socket.java:1095) ~[?:?]
	at java.base/sun.security.ssl.SSLSocketInputRecord.read(SSLSocketInputRecord.java:489) ~[?:?]
	at java.base/sun.security.ssl.SSLSocketInputRecord.readHeader(SSLSocketInputRecord.java:483) ~[?:?]
	at java.base/sun.security.ssl.SSLSocketInputRecord.bytesInCompletePacket(SSLSocketInputRecord.java:70) ~[?:?]
	at java.base/sun.security.ssl.SSLSocketImpl.readApplicationRecord(SSLSocketImpl.java:1462) ~[?:?]
	at java.base/sun.security.ssl.SSLSocketImpl$AppInputStream.read(SSLSocketImpl.java:1068) ~[?:?]
	at com.mongodb.internal.connection.SocketStream.read(SocketStream.java:176) ~[mongodb-driver-core-5.1.1.jar:?]
	at com.mongodb.internal.connection.SocketStream.read(SocketStream.java:196) ~[mongodb-driver-core-5.1.1.jar:?]
	at com.mongodb.internal.connection.InternalStreamConnection.receiveResponseBuffers(InternalStreamConnection.java:798) ~[mongodb-driver-core-5.1.1.jar:?]
	at com.mongodb.internal.connection.InternalStreamConnection.receiveMessageWithAdditionalTimeout(InternalStreamConnection.java:661) ~[mongodb-driver-core-5.1.1.jar:?]
	... 4 more
2024-09-10 16:39:08 INFO  cluster:76 - Exception in monitor thread while connecting to server ac-g1io69i-shard-00-00.bxaqvcn.mongodb.net:27017
com.mongodb.MongoSocketReadTimeoutException: Timeout while receiving message
	at com.mongodb.internal.connection.InternalStreamConnection.translateReadException(InternalStreamConnection.java:787) ~[mongodb-driver-core-5.1.1.jar:?]
	at com.mongodb.internal.connection.InternalStreamConnection.receiveMessageWithAdditionalTimeout(InternalStreamConnection.java:664) ~[mongodb-driver-core-5.1.1.jar:?]
	at com.mongodb.internal.connection.InternalStreamConnection.receiveCommandMessageResponse(InternalStreamConnection.java:512) ~[mongodb-driver-core-5.1.1.jar:?]
	at com.mongodb.internal.connection.InternalStreamConnection.receive(InternalStreamConnection.java:465) ~[mongodb-driver-core-5.1.1.jar:?]
	at com.mongodb.internal.connection.DefaultServerMonitor$ServerMonitor.lookupServerDescription(DefaultServerMonitor.java:246) [mongodb-driver-core-5.1.1.jar:?]
	at com.mongodb.internal.connection.DefaultServerMonitor$ServerMonitor.run(DefaultServerMonitor.java:173) [mongodb-driver-core-5.1.1.jar:?]
Caused by: java.net.SocketTimeoutException: Read timed out
	at java.base/sun.nio.ch.NioSocketImpl.timedRead(NioSocketImpl.java:278) ~[?:?]
	at java.base/sun.nio.ch.NioSocketImpl.implRead(NioSocketImpl.java:304) ~[?:?]
	at java.base/sun.nio.ch.NioSocketImpl.read(NioSocketImpl.java:346) ~[?:?]
	at java.base/sun.nio.ch.NioSocketImpl$1.read(NioSocketImpl.java:796) ~[?:?]
	at java.base/java.net.Socket$SocketInputStream.implRead(Socket.java:1108) ~[?:?]
	at java.base/java.net.Socket$SocketInputStream.read(Socket.java:1095) ~[?:?]
	at java.base/sun.security.ssl.SSLSocketInputRecord.read(SSLSocketInputRecord.java:489) ~[?:?]
	at java.base/sun.security.ssl.SSLSocketInputRecord.readHeader(SSLSocketInputRecord.java:483) ~[?:?]
	at java.base/sun.security.ssl.SSLSocketInputRecord.bytesInCompletePacket(SSLSocketInputRecord.java:70) ~[?:?]
	at java.base/sun.security.ssl.SSLSocketImpl.readApplicationRecord(SSLSocketImpl.java:1462) ~[?:?]
	at java.base/sun.security.ssl.SSLSocketImpl$AppInputStream.read(SSLSocketImpl.java:1068) ~[?:?]
	at com.mongodb.internal.connection.SocketStream.read(SocketStream.java:176) ~[mongodb-driver-core-5.1.1.jar:?]
	at com.mongodb.internal.connection.SocketStream.read(SocketStream.java:196) ~[mongodb-driver-core-5.1.1.jar:?]
	at com.mongodb.internal.connection.InternalStreamConnection.receiveResponseBuffers(InternalStreamConnection.java:798) ~[mongodb-driver-core-5.1.1.jar:?]
	at com.mongodb.internal.connection.InternalStreamConnection.receiveMessageWithAdditionalTimeout(InternalStreamConnection.java:661) ~[mongodb-driver-core-5.1.1.jar:?]
	... 4 more
2024-09-10 16:39:09 INFO  cluster:71 - Monitor thread successfully connected to server with description ServerDescription{address=ac-g1io69i-shard-00-02.bxaqvcn.mongodb.net:27017, type=REPLICA_SET_PRIMARY, state=CONNECTED, ok=true, minWireVersion=0, maxWireVersion=21, maxDocumentSize=16777216, logicalSessionTimeoutMinutes=30, roundTripTimeNanos=163416000, setName='atlas-jf9w0x-shard-0', canonicalAddress=ac-g1io69i-shard-00-02.bxaqvcn.mongodb.net:27017, hosts=[ac-g1io69i-shard-00-01.bxaqvcn.mongodb.net:27017, ac-g1io69i-shard-00-00.bxaqvcn.mongodb.net:27017, ac-g1io69i-shard-00-02.bxaqvcn.mongodb.net:27017], passives=[], arbiters=[], primary='ac-g1io69i-shard-00-02.bxaqvcn.mongodb.net:27017', tagSet=TagSet{[Tag{name='availabilityZone', value='sae1-az2'}, Tag{name='diskState', value='READY'}, Tag{name='nodeType', value='ELECTABLE'}, Tag{name='provider', value='AWS'}, Tag{name='region', value='SA_EAST_1'}, Tag{name='workloadType', value='OPERATIONAL'}]}, electionId=7fffffff0000000000000015, setVersion=7, topologyVersion=TopologyVersion{processId=66c8a87c24676ba565c0dd3e, counter=6}, lastWriteDate=Tue Sep 10 16:39:08 BRT 2024, lastUpdateTimeNanos=18101575140900}
2024-09-10 16:39:09 INFO  cluster:71 - Discovered replica set primary ac-g1io69i-shard-00-02.bxaqvcn.mongodb.net:27017 with max election id 7fffffff0000000000000015 and max set version 7
2024-09-10 16:39:09 INFO  cluster:71 - Monitor thread successfully connected to server with description ServerDescription{address=ac-g1io69i-shard-00-00.bxaqvcn.mongodb.net:27017, type=REPLICA_SET_SECONDARY, state=CONNECTED, ok=true, minWireVersion=0, maxWireVersion=21, maxDocumentSize=16777216, logicalSessionTimeoutMinutes=30, roundTripTimeNanos=132894400, setName='atlas-jf9w0x-shard-0', canonicalAddress=ac-g1io69i-shard-00-00.bxaqvcn.mongodb.net:27017, hosts=[ac-g1io69i-shard-00-01.bxaqvcn.mongodb.net:27017, ac-g1io69i-shard-00-00.bxaqvcn.mongodb.net:27017, ac-g1io69i-shard-00-02.bxaqvcn.mongodb.net:27017], passives=[], arbiters=[], primary='ac-g1io69i-shard-00-02.bxaqvcn.mongodb.net:27017', tagSet=TagSet{[Tag{name='availabilityZone', value='sae1-az1'}, Tag{name='diskState', value='READY'}, Tag{name='nodeType', value='ELECTABLE'}, Tag{name='provider', value='AWS'}, Tag{name='region', value='SA_EAST_1'}, Tag{name='workloadType', value='OPERATIONAL'}]}, electionId=null, setVersion=7, topologyVersion=TopologyVersion{processId=66c8a6225c365cadb61418d5, counter=4}, lastWriteDate=Tue Sep 10 16:39:08 BRT 2024, lastUpdateTimeNanos=18101707611400}
2024-09-10 16:39:51 INFO  App:52 - Iniciando aplicação na porta 8000
2024-09-10 16:39:51 INFO  Javalin:16 - Starting Javalin ...
2024-09-10 16:39:51 INFO  Server:384 - jetty-11.0.21; built: 2024-05-14T03:19:28.958Z; git: 996cd61addad9cb033e0e3eba6fa3f0fa3dc270d; jvm 22.0.1+8-16
2024-09-10 16:39:51 INFO  DefaultSessionIdManager:332 - Session workerName=node0
2024-09-10 16:39:51 INFO  ContextHandler:907 - Started o.e.j.s.ServletContextHandler@422c3c7a{/,null,AVAILABLE}
2024-09-10 16:39:51 INFO  AbstractConnector:376 - Started ServerConnector@2654635{HTTP/1.1, (http/1.1)}{0.0.0.0:8000}
2024-09-10 16:39:51 INFO  Server:439 - Started Server@23aa363a{STARTING}[11.0.21,sto=0] @1384ms
2024-09-10 16:39:51 INFO  Javalin:16 - 
       __                  ___           _____
      / /___ __   ______ _/ (_)___      / ___/
 __  / / __ `/ | / / __ `/ / / __ \    / __ \
/ /_/ / /_/ /| |/ / /_/ / / / / / /   / /_/ /
\____/\__,_/ |___/\__,_/_/_/_/ /_/    \____/

       https://javalin.io/documentation

2024-09-10 16:39:51 INFO  Javalin:16 - Javalin started in 264ms \o/
2024-09-10 16:39:51 INFO  Javalin:21 - Static file handler added: StaticFileConfig(hostedPath=/, directory=/public, location=CLASSPATH, precompress=false, aliasCheck=null, headers={Cache-Control=max-age=0}, skipFileFunction=Function1<jakarta.servlet.http.HttpServletRequest, java.lang.Boolean>, mimeTypes={}). File system location: 'file:///C:/Users/willi/Desktop/Projetos/Integra%C3%A7%C3%A3o%20Java+React/BackEnd/target/classes/public/'
2024-09-10 16:39:51 INFO  Javalin:16 - Listening on http://localhost:8000/
2024-09-10 16:39:51 INFO  Javalin:16 - You are running Javalin 6.2.0 (released July 21, 2024).
2024-09-10 16:39:51 INFO  App:101 - Recuperando String de acesso ao mongo
2024-09-10 16:39:51 INFO  App:106 - Conectando ao mongo
2024-09-10 16:39:52 INFO  client:71 - MongoClient with metadata {"application": {"name": "Cluster0"}, "driver": {"name": "mongo-java-driver|sync", "version": "5.1.1"}, "os": {"type": "Windows", "name": "Windows 11", "architecture": "amd64", "version": "10.0"}, "platform": "Java/Oracle Corporation/22.0.1+8-16"} created with settings MongoClientSettings{readPreference=primary, writeConcern=WriteConcern{w=majority, wTimeout=null ms, journal=null}, retryWrites=true, retryReads=true, readConcern=ReadConcern{level=null}, credential=MongoCredential{mechanism=null, userName='petersonsilva', source='admin', password=<hidden>, mechanismProperties=<hidden>}, transportSettings=null, commandListeners=[], codecRegistry=ProvidersCodecRegistry{codecProviders=[ValueCodecProvider{}, BsonValueCodecProvider{}, DBRefCodecProvider{}, DBObjectCodecProvider{}, DocumentCodecProvider{}, CollectionCodecProvider{}, IterableCodecProvider{}, MapCodecProvider{}, GeoJsonCodecProvider{}, GridFSFileCodecProvider{}, Jsr310CodecProvider{}, JsonObjectCodecProvider{}, BsonCodecProvider{}, EnumCodecProvider{}, com.mongodb.client.model.mql.ExpressionCodecProvider@4f8caaf3, com.mongodb.Jep395RecordCodecProvider@2b50150, com.mongodb.KotlinCodecProvider@15b986cd]}, loggerSettings=LoggerSettings{maxDocumentLength=1000}, clusterSettings={hosts=[127.0.0.1:27017], srvHost=cluster0.bxaqvcn.mongodb.net, srvServiceName=mongodb, mode=MULTIPLE, requiredClusterType=REPLICA_SET, requiredReplicaSetName='atlas-jf9w0x-shard-0', serverSelector='null', clusterListeners='[]', serverSelectionTimeout='30000 ms', localThreshold='15 ms'}, socketSettings=SocketSettings{connectTimeoutMS=10000, readTimeoutMS=0, receiveBufferSize=0, proxySettings=ProxySettings{host=null, port=null, username=null, password=null}}, heartbeatSocketSettings=SocketSettings{connectTimeoutMS=10000, readTimeoutMS=10000, receiveBufferSize=0, proxySettings=ProxySettings{host=null, port=null, username=null, password=null}}, connectionPoolSettings=ConnectionPoolSettings{maxSize=100, minSize=0, maxWaitTimeMS=120000, maxConnectionLifeTimeMS=0, maxConnectionIdleTimeMS=0, maintenanceInitialDelayMS=0, maintenanceFrequencyMS=60000, connectionPoolListeners=[], maxConnecting=2}, serverSettings=ServerSettings{heartbeatFrequencyMS=10000, minHeartbeatFrequencyMS=500, serverMonitoringMode=AUTO, serverListeners='[]', serverMonitorListeners='[]'}, sslSettings=SslSettings{enabled=true, invalidHostNameAllowed=false, context=null}, applicationName='Cluster0', compressorList=[], uuidRepresentation=UNSPECIFIED, serverApi=null, autoEncryptionSettings=null, dnsClient=null, inetAddressResolver=null, contextProvider=null}
2024-09-10 16:39:52 INFO  cluster:71 - Waiting for server to become available for operation with ID 1. Remaining time: 30000 ms. Selector: ReadPreferenceServerSelector{readPreference=primary}, topology description: {type=UNKNOWN, servers=[].
2024-09-10 16:39:52 INFO  cluster:71 - Adding discovered server ac-g1io69i-shard-00-00.bxaqvcn.mongodb.net:27017 to client view of cluster
2024-09-10 16:39:52 INFO  cluster:71 - Adding discovered server ac-g1io69i-shard-00-01.bxaqvcn.mongodb.net:27017 to client view of cluster
2024-09-10 16:39:52 INFO  cluster:71 - Adding discovered server ac-g1io69i-shard-00-02.bxaqvcn.mongodb.net:27017 to client view of cluster
2024-09-10 16:39:53 INFO  cluster:71 - Monitor thread successfully connected to server with description ServerDescription{address=ac-g1io69i-shard-00-02.bxaqvcn.mongodb.net:27017, type=REPLICA_SET_PRIMARY, state=CONNECTED, ok=true, minWireVersion=0, maxWireVersion=21, maxDocumentSize=16777216, logicalSessionTimeoutMinutes=30, roundTripTimeNanos=526764900, setName='atlas-jf9w0x-shard-0', canonicalAddress=ac-g1io69i-shard-00-02.bxaqvcn.mongodb.net:27017, hosts=[ac-g1io69i-shard-00-01.bxaqvcn.mongodb.net:27017, ac-g1io69i-shard-00-00.bxaqvcn.mongodb.net:27017, ac-g1io69i-shard-00-02.bxaqvcn.mongodb.net:27017], passives=[], arbiters=[], primary='ac-g1io69i-shard-00-02.bxaqvcn.mongodb.net:27017', tagSet=TagSet{[Tag{name='availabilityZone', value='sae1-az2'}, Tag{name='diskState', value='READY'}, Tag{name='nodeType', value='ELECTABLE'}, Tag{name='provider', value='AWS'}, Tag{name='region', value='SA_EAST_1'}, Tag{name='workloadType', value='OPERATIONAL'}]}, electionId=7fffffff0000000000000015, setVersion=7, topologyVersion=TopologyVersion{processId=66c8a87c24676ba565c0dd3e, counter=6}, lastWriteDate=Tue Sep 10 16:39:53 BRT 2024, lastUpdateTimeNanos=18146205655900}
2024-09-10 16:39:53 INFO  cluster:71 - Monitor thread successfully connected to server with description ServerDescription{address=ac-g1io69i-shard-00-00.bxaqvcn.mongodb.net:27017, type=REPLICA_SET_SECONDARY, state=CONNECTED, ok=true, minWireVersion=0, maxWireVersion=21, maxDocumentSize=16777216, logicalSessionTimeoutMinutes=30, roundTripTimeNanos=396652200, setName='atlas-jf9w0x-shard-0', canonicalAddress=ac-g1io69i-shard-00-00.bxaqvcn.mongodb.net:27017, hosts=[ac-g1io69i-shard-00-01.bxaqvcn.mongodb.net:27017, ac-g1io69i-shard-00-00.bxaqvcn.mongodb.net:27017, ac-g1io69i-shard-00-02.bxaqvcn.mongodb.net:27017], passives=[], arbiters=[], primary='ac-g1io69i-shard-00-02.bxaqvcn.mongodb.net:27017', tagSet=TagSet{[Tag{name='availabilityZone', value='sae1-az1'}, Tag{name='diskState', value='READY'}, Tag{name='nodeType', value='ELECTABLE'}, Tag{name='provider', value='AWS'}, Tag{name='region', value='SA_EAST_1'}, Tag{name='workloadType', value='OPERATIONAL'}]}, electionId=null, setVersion=7, topologyVersion=TopologyVersion{processId=66c8a6225c365cadb61418d5, counter=4}, lastWriteDate=Tue Sep 10 16:39:53 BRT 2024, lastUpdateTimeNanos=18146205656100}
2024-09-10 16:39:53 INFO  cluster:71 - Discovered replica set primary ac-g1io69i-shard-00-02.bxaqvcn.mongodb.net:27017 with max election id 7fffffff0000000000000015 and max set version 7
2024-09-10 16:39:53 INFO  cluster:71 - Monitor thread successfully connected to server with description ServerDescription{address=ac-g1io69i-shard-00-01.bxaqvcn.mongodb.net:27017, type=REPLICA_SET_SECONDARY, state=CONNECTED, ok=true, minWireVersion=0, maxWireVersion=21, maxDocumentSize=16777216, logicalSessionTimeoutMinutes=30, roundTripTimeNanos=621438800, setName='atlas-jf9w0x-shard-0', canonicalAddress=ac-g1io69i-shard-00-01.bxaqvcn.mongodb.net:27017, hosts=[ac-g1io69i-shard-00-01.bxaqvcn.mongodb.net:27017, ac-g1io69i-shard-00-00.bxaqvcn.mongodb.net:27017, ac-g1io69i-shard-00-02.bxaqvcn.mongodb.net:27017], passives=[], arbiters=[], primary='ac-g1io69i-shard-00-02.bxaqvcn.mongodb.net:27017', tagSet=TagSet{[Tag{name='availabilityZone', value='sae1-az3'}, Tag{name='diskState', value='READY'}, Tag{name='nodeType', value='ELECTABLE'}, Tag{name='provider', value='AWS'}, Tag{name='region', value='SA_EAST_1'}, Tag{name='workloadType', value='OPERATIONAL'}]}, electionId=null, setVersion=7, topologyVersion=TopologyVersion{processId=66c8aac1051574387f40c7c0, counter=3}, lastWriteDate=Tue Sep 10 16:39:53 BRT 2024, lastUpdateTimeNanos=18146299749700}
2024-09-10 16:39:54 INFO  App:109 - Conexão realizada com sucesso
2024-09-10 16:39:54 INFO  App:90 - Conectando ao banco de dados SQL
2024-09-10 16:40:44 INFO  App:51 - Iniciando aplicação na porta 8000
2024-09-10 16:40:44 INFO  Javalin:16 - Starting Javalin ...
2024-09-10 16:40:44 INFO  Server:384 - jetty-11.0.21; built: 2024-05-14T03:19:28.958Z; git: 996cd61addad9cb033e0e3eba6fa3f0fa3dc270d; jvm 22.0.1+8-16
2024-09-10 16:40:44 INFO  DefaultSessionIdManager:332 - Session workerName=node0
2024-09-10 16:40:44 INFO  ContextHandler:907 - Started o.e.j.s.ServletContextHandler@18230356{/,null,AVAILABLE}
2024-09-10 16:40:44 INFO  AbstractConnector:376 - Started ServerConnector@737a135b{HTTP/1.1, (http/1.1)}{0.0.0.0:8000}
2024-09-10 16:40:44 INFO  Server:439 - Started Server@5ef6ae06{STARTING}[11.0.21,sto=0] @1338ms
2024-09-10 16:40:44 INFO  Javalin:16 - 
       __                  ___           _____
      / /___ __   ______ _/ (_)___      / ___/
 __  / / __ `/ | / / __ `/ / / __ \    / __ \
/ /_/ / /_/ /| |/ / /_/ / / / / / /   / /_/ /
\____/\__,_/ |___/\__,_/_/_/_/ /_/    \____/

       https://javalin.io/documentation

2024-09-10 16:40:44 INFO  Javalin:16 - Javalin started in 256ms \o/
2024-09-10 16:40:44 INFO  Javalin:21 - Static file handler added: StaticFileConfig(hostedPath=/, directory=/public, location=CLASSPATH, precompress=false, aliasCheck=null, headers={Cache-Control=max-age=0}, skipFileFunction=Function1<jakarta.servlet.http.HttpServletRequest, java.lang.Boolean>, mimeTypes={}). File system location: 'file:///C:/Users/willi/Desktop/Projetos/Integra%C3%A7%C3%A3o%20Java+React/BackEnd/target/classes/public/'
2024-09-10 16:40:44 INFO  Javalin:16 - Listening on http://localhost:8000/
2024-09-10 16:40:44 INFO  Javalin:16 - You are running Javalin 6.2.0 (released July 21, 2024).
2024-09-10 16:40:44 INFO  App:86 - Conectando ao banco de dados SQL
